# JRE version: OpenJDK Runtime Environment (17.0.6) (build 17.0.6+0-b2043.56-10027231)
# Java VM: OpenJDK 64-Bit Server VM (17.0.6+0-b2043.56-10027231, mixed mode, tiered, compressed oops, compressed class ptrs, g1 gc, windows-amd64)
GC Precious Log:
 CPUs: 2 total, 2 available
 Memory: 6020M
 Large Page Support: Disabled
 NUMA Support: Disabled
 Compressed Oops: Enabled (32-bit)
 Heap Region Size: 1M
 Heap Min Capacity: 8M
 Heap Initial Capacity: 96M
 Heap Max Capacity: 2G
 Pre-touch: Disabled
 Parallel Workers: 2
 Concurrent Workers: 1
 Concurrent Refinement Workers: 2
 Periodic GC: Disabled
Heap:
 garbage-first heap   total 237568K, used 172965K [0x0000000080000000, 0x0000000100000000)
  region size 1024K, 39 young (39936K), 5 survivors (5120K)
 Metaspace       used 128504K, committed 129280K, reserved 1163264K
  class space    used 17009K, committed 17408K, reserved 1048576K
GC Heap History (20 events):
Event: 155.852 GC heap before
{Heap before GC invocations=90 (full 0):
 garbage-first heap   total 237568K, used 200111K [0x0000000080000000, 0x0000000100000000)
  region size 1024K, 72 young (73728K), 9 survivors (9216K)
 Metaspace       used 127218K, committed 128064K, reserved 1163264K
  class space    used 16846K, committed 17280K, reserved 1048576K
}
Event: 155.876 GC heap after
{Heap after GC invocations=91 (full 0):
 garbage-first heap   total 237568K, used 135783K [0x0000000080000000, 0x0000000100000000)
  region size 1024K, 2 young (2048K), 2 survivors (2048K)
 Metaspace       used 127218K, committed 128064K, reserved 1163264K
  class space    used 16846K, committed 17280K, reserved 1048576K
}
Event: 157.541 GC heap before
{Heap before GC invocations=91 (full 0):
 garbage-first heap   total 237568K, used 201319K [0x0000000080000000, 0x0000000100000000)
  region size 1024K, 66 young (67584K), 2 survivors (2048K)
 Metaspace       used 127472K, committed 128320K, reserved 1163264K
  class space    used 16871K, committed 17280K, reserved 1048576K
}
Event: 157.548 GC heap after
{Heap after GC invocations=92 (full 0):
 garbage-first heap   total 237568K, used 134982K [0x0000000080000000, 0x0000000100000000)
  region size 1024K, 1 young (1024K), 1 survivors (1024K)
 Metaspace       used 127472K, committed 128320K, reserved 1163264K
  class space    used 16871K, committed 17280K, reserved 1048576K
}
Event: 159.448 GC heap before
{Heap before GC invocations=92 (full 0):
 garbage-first heap   total 237568K, used 202566K [0x0000000080000000, 0x0000000100000000)
  region size 1024K, 67 young (68608K), 1 survivors (1024K)
 Metaspace       used 127530K, committed 128384K, reserved 1163264K
  class space    used 16873K, committed 17280K, reserved 1048576K
}
Event: 159.461 GC heap after
{Heap after GC invocations=93 (full 0):
 garbage-first heap   total 237568K, used 138734K [0x0000000080000000, 0x0000000100000000)
  region size 1024K, 5 young (5120K), 5 survivors (5120K)
 Metaspace       used 127530K, committed 128384K, reserved 1163264K
  class space    used 16873K, committed 17280K, reserved 1048576K
}
Event: 160.466 GC heap before
{Heap before GC invocations=93 (full 0):
 garbage-first heap   total 237568K, used 201198K [0x0000000080000000, 0x0000000100000000)
  region size 1024K, 66 young (67584K), 5 survivors (5120K)
 Metaspace       used 127655K, committed 128512K, reserved 1163264K
  class space    used 16900K, committed 17344K, reserved 1048576K
}
Event: 160.477 GC heap after
{Heap after GC invocations=94 (full 0):
 garbage-first heap   total 237568K, used 139038K [0x0000000080000000, 0x0000000100000000)
  region size 1024K, 5 young (5120K), 5 survivors (5120K)
 Metaspace       used 127655K, committed 128512K, reserved 1163264K
  class space    used 16900K, committed 17344K, reserved 1048576K
}
Event: 161.833 GC heap before
{Heap before GC invocations=94 (full 0):
 garbage-first heap   total 237568K, used 203550K [0x0000000080000000, 0x0000000100000000)
  region size 1024K, 68 young (69632K), 5 survivors (5120K)
 Metaspace       used 127719K, committed 128576K, reserved 1163264K
  class space    used 16904K, committed 17344K, reserved 1048576K
}
Event: 161.850 GC heap after
{Heap after GC invocations=95 (full 0):
 garbage-first heap   total 237568K, used 139174K [0x0000000080000000, 0x0000000100000000)
  region size 1024K, 5 young (5120K), 5 survivors (5120K)
 Metaspace       used 127719K, committed 128576K, reserved 1163264K
  class space    used 16904K, committed 17344K, reserved 1048576K
}
Event: 162.661 GC heap before
{Heap before GC invocations=95 (full 0):
 garbage-first heap   total 237568K, used 203686K [0x0000000080000000, 0x0000000100000000)
  region size 1024K, 69 young (70656K), 5 survivors (5120K)
 Metaspace       used 127760K, committed 128576K, reserved 1163264K
  class space    used 16904K, committed 17344K, reserved 1048576K
}
Event: 162.676 GC heap after
{Heap after GC invocations=96 (full 0):
 garbage-first heap   total 237568K, used 139367K [0x0000000080000000, 0x0000000100000000)
  region size 1024K, 5 young (5120K), 5 survivors (5120K)
 Metaspace       used 127760K, committed 128576K, reserved 1163264K
  class space    used 16904K, committed 17344K, reserved 1048576K
}
Event: 163.727 GC heap before
{Heap before GC invocations=96 (full 0):
 garbage-first heap   total 237568K, used 205927K [0x0000000080000000, 0x0000000100000000)
  region size 1024K, 70 young (71680K), 5 survivors (5120K)
 Metaspace       used 127817K, committed 128640K, reserved 1163264K
  class space    used 16919K, committed 17344K, reserved 1048576K
}
Event: 163.738 GC heap after
{Heap after GC invocations=97 (full 0):
 garbage-first heap   total 237568K, used 138796K [0x0000000080000000, 0x0000000100000000)
  region size 1024K, 5 young (5120K), 5 survivors (5120K)
 Metaspace       used 127817K, committed 128640K, reserved 1163264K
  class space    used 16919K, committed 17344K, reserved 1048576K
}
Event: 165.417 GC heap before
{Heap before GC invocations=97 (full 0):
 garbage-first heap   total 237568K, used 206380K [0x0000000080000000, 0x0000000100000000)
  region size 1024K, 71 young (72704K), 5 survivors (5120K)
 Metaspace       used 127929K, committed 128704K, reserved 1163264K
  class space    used 16941K, committed 17344K, reserved 1048576K
}
Event: 165.430 GC heap after
{Heap after GC invocations=98 (full 0):
 garbage-first heap   total 237568K, used 138779K [0x0000000080000000, 0x0000000100000000)
  region size 1024K, 5 young (5120K), 5 survivors (5120K)
 Metaspace       used 127929K, committed 128704K, reserved 1163264K
  class space    used 16941K, committed 17344K, reserved 1048576K
}
Event: 166.877 GC heap before
{Heap before GC invocations=98 (full 0):
 garbage-first heap   total 237568K, used 206363K [0x0000000080000000, 0x0000000100000000)
  region size 1024K, 71 young (72704K), 5 survivors (5120K)
 Metaspace       used 128264K, committed 129088K, reserved 1163264K
  class space    used 17002K, committed 17408K, reserved 1048576K
}
Event: 166.890 GC heap after
{Heap after GC invocations=99 (full 0):
 garbage-first heap   total 237568K, used 139146K [0x0000000080000000, 0x0000000100000000)
  region size 1024K, 5 young (5120K), 5 survivors (5120K)
 Metaspace       used 128264K, committed 129088K, reserved 1163264K
  class space    used 17002K, committed 17408K, reserved 1048576K
}
Event: 172.019 GC heap before
{Heap before GC invocations=99 (full 0):
 garbage-first heap   total 237568K, used 207754K [0x0000000080000000, 0x0000000100000000)
  region size 1024K, 71 young (72704K), 5 survivors (5120K)
 Metaspace       used 128501K, committed 129280K, reserved 1163264K
  class space    used 17008K, committed 17408K, reserved 1048576K
}
Event: 172.056 GC heap after
{Heap after GC invocations=100 (full 0):
 garbage-first heap   total 237568K, used 139173K [0x0000000080000000, 0x0000000100000000)
  region size 1024K, 5 young (5120K), 5 survivors (5120K)
 Metaspace       used 128501K, committed 129280K, reserved 1163264K
  class space    used 17008K, committed 17408K, reserved 1048576K
}

