# JRE version: OpenJDK Runtime Environment (17.0.6) (build 17.0.6+0-b2043.56-10027231)
# Java VM: OpenJDK 64-Bit Server VM (17.0.6+0-b2043.56-10027231, mixed mode, tiered, compressed oops, compressed class ptrs, g1 gc, windows-amd64)
GC Precious Log:
 CPUs: 2 total, 2 available
 Memory: 6020M
 Large Page Support: Disabled
 NUMA Support: Disabled
 Compressed Oops: Enabled (32-bit)
 Heap Region Size: 1M
 Heap Min Capacity: 8M
 Heap Initial Capacity: 96M
 Heap Max Capacity: 2G
 Pre-touch: Disabled
 Parallel Workers: 2
 Concurrent Workers: 1
 Concurrent Refinement Workers: 2
 Periodic GC: Disabled
Heap:
 garbage-first heap   total 476160K, used 342464K [0x0000000080000000, 0x0000000100000000)
  region size 1024K, 9 young (9216K), 9 survivors (9216K)
 Metaspace       used 115634K, committed 116480K, reserved 1155072K
  class space    used 15688K, committed 16128K, reserved 1048576K
GC Heap History (20 events):
Event: 62.888 GC heap after
{Heap after GC invocations=46 (full 0):
 garbage-first heap   total 324608K, used 211968K [0x0000000080000000, 0x0000000100000000)
  region size 1024K, 10 young (10240K), 10 survivors (10240K)
 Metaspace       used 109799K, committed 110592K, reserved 1146880K
  class space    used 14889K, committed 15296K, reserved 1048576K
}
Event: 64.577 GC heap before
{Heap before GC invocations=46 (full 0):
 garbage-first heap   total 324608K, used 248832K [0x0000000080000000, 0x0000000100000000)
  region size 1024K, 47 young (48128K), 10 survivors (10240K)
 Metaspace       used 109872K, committed 110656K, reserved 1146880K
  class space    used 14890K, committed 15296K, reserved 1048576K
}
Event: 64.659 GC heap after
{Heap after GC invocations=47 (full 0):
 garbage-first heap   total 324608K, used 231040K [0x0000000080000000, 0x0000000100000000)
  region size 1024K, 6 young (6144K), 6 survivors (6144K)
 Metaspace       used 109872K, committed 110656K, reserved 1146880K
  class space    used 14890K, committed 15296K, reserved 1048576K
}
Event: 65.959 GC heap before
{Heap before GC invocations=47 (full 0):
 garbage-first heap   total 324608K, used 260736K [0x0000000080000000, 0x0000000100000000)
  region size 1024K, 35 young (35840K), 6 survivors (6144K)
 Metaspace       used 109875K, committed 110720K, reserved 1146880K
  class space    used 14890K, committed 15296K, reserved 1048576K
}
Event: 66.099 GC heap after
{Heap after GC invocations=48 (full 0):
 garbage-first heap   total 476160K, used 246784K [0x0000000080000000, 0x0000000100000000)
  region size 1024K, 5 young (5120K), 5 survivors (5120K)
 Metaspace       used 109875K, committed 110720K, reserved 1146880K
  class space    used 14890K, committed 15296K, reserved 1048576K
}
Event: 67.111 GC heap before
{Heap before GC invocations=48 (full 0):
 garbage-first heap   total 476160K, used 265216K [0x0000000080000000, 0x0000000100000000)
  region size 1024K, 23 young (23552K), 5 survivors (5120K)
 Metaspace       used 109905K, committed 110720K, reserved 1146880K
  class space    used 14895K, committed 15296K, reserved 1048576K
}
Event: 67.163 GC heap after
{Heap after GC invocations=49 (full 0):
 garbage-first heap   total 476160K, used 256512K [0x0000000080000000, 0x0000000100000000)
  region size 1024K, 3 young (3072K), 3 survivors (3072K)
 Metaspace       used 109905K, committed 110720K, reserved 1146880K
  class space    used 14895K, committed 15296K, reserved 1048576K
}
Event: 69.811 GC heap before
{Heap before GC invocations=49 (full 0):
 garbage-first heap   total 476160K, used 309760K [0x0000000080000000, 0x0000000100000000)
  region size 1024K, 55 young (56320K), 3 survivors (3072K)
 Metaspace       used 109933K, committed 110720K, reserved 1146880K
  class space    used 14899K, committed 15296K, reserved 1048576K
}
Event: 69.943 GC heap after
{Heap after GC invocations=50 (full 0):
 garbage-first heap   total 476160K, used 283136K [0x0000000080000000, 0x0000000100000000)
  region size 1024K, 7 young (7168K), 7 survivors (7168K)
 Metaspace       used 109933K, committed 110720K, reserved 1146880K
  class space    used 14899K, committed 15296K, reserved 1048576K
}
Event: 73.116 GC heap before
{Heap before GC invocations=50 (full 0):
 garbage-first heap   total 476160K, used 347648K [0x0000000080000000, 0x0000000100000000)
  region size 1024K, 71 young (72704K), 7 survivors (7168K)
 Metaspace       used 114072K, committed 114816K, reserved 1155072K
  class space    used 15488K, committed 15872K, reserved 1048576K
}
Event: 73.161 GC heap after
{Heap after GC invocations=51 (full 0):
 garbage-first heap   total 476160K, used 290816K [0x0000000080000000, 0x0000000100000000)
  region size 1024K, 7 young (7168K), 7 survivors (7168K)
 Metaspace       used 114072K, committed 114816K, reserved 1155072K
  class space    used 15488K, committed 15872K, reserved 1048576K
}
Event: 74.521 GC heap before
{Heap before GC invocations=51 (full 0):
 garbage-first heap   total 476160K, used 359424K [0x0000000080000000, 0x0000000100000000)
  region size 1024K, 74 young (75776K), 7 survivors (7168K)
 Metaspace       used 114902K, committed 115712K, reserved 1155072K
  class space    used 15608K, committed 16000K, reserved 1048576K
}
Event: 74.565 GC heap after
{Heap after GC invocations=52 (full 0):
 garbage-first heap   total 476160K, used 297984K [0x0000000080000000, 0x0000000100000000)
  region size 1024K, 9 young (9216K), 9 survivors (9216K)
 Metaspace       used 114902K, committed 115712K, reserved 1155072K
  class space    used 15608K, committed 16000K, reserved 1048576K
}
Event: 76.897 GC heap before
{Heap before GC invocations=52 (full 0):
 garbage-first heap   total 476160K, used 373760K [0x0000000080000000, 0x0000000100000000)
  region size 1024K, 77 young (78848K), 9 survivors (9216K)
 Metaspace       used 115212K, committed 116096K, reserved 1155072K
  class space    used 15639K, committed 16064K, reserved 1048576K
}
Event: 76.940 GC heap after
{Heap after GC invocations=53 (full 0):
 garbage-first heap   total 476160K, used 308736K [0x0000000080000000, 0x0000000100000000)
  region size 1024K, 5 young (5120K), 5 survivors (5120K)
 Metaspace       used 115212K, committed 116096K, reserved 1155072K
  class space    used 15639K, committed 16064K, reserved 1048576K
}
Event: 78.464 GC heap before
{Heap before GC invocations=53 (full 0):
 garbage-first heap   total 476160K, used 366080K [0x0000000080000000, 0x0000000100000000)
  region size 1024K, 57 young (58368K), 5 survivors (5120K)
 Metaspace       used 115220K, committed 116096K, reserved 1155072K
  class space    used 15639K, committed 16064K, reserved 1048576K
}
Event: 78.497 GC heap after
{Heap after GC invocations=54 (full 0):
 garbage-first heap   total 476160K, used 314496K [0x0000000080000000, 0x0000000100000000)
  region size 1024K, 6 young (6144K), 6 survivors (6144K)
 Metaspace       used 115220K, committed 116096K, reserved 1155072K
  class space    used 15639K, committed 16064K, reserved 1048576K
}
Event: 79.231 GC heap before
{Heap before GC invocations=54 (full 0):
 garbage-first heap   total 476160K, used 337024K [0x0000000080000000, 0x0000000100000000)
  region size 1024K, 23 young (23552K), 6 survivors (6144K)
 Metaspace       used 115402K, committed 116224K, reserved 1155072K
  class space    used 15660K, committed 16064K, reserved 1048576K
}
Event: 79.297 GC heap after
{Heap after GC invocations=55 (full 0):
 garbage-first heap   total 476160K, used 319087K [0x0000000080000000, 0x0000000100000000)
  region size 1024K, 2 young (2048K), 2 survivors (2048K)
 Metaspace       used 115402K, committed 116224K, reserved 1155072K
  class space    used 15660K, committed 16064K, reserved 1048576K
}
Event: 83.831 GC heap before
{Heap before GC invocations=55 (full 0):
 garbage-first heap   total 476160K, used 407151K [0x0000000080000000, 0x0000000100000000)
  region size 1024K, 73 young (74752K), 2 survivors (2048K)
 Metaspace       used 115634K, committed 116480K, reserved 1155072K
  class space    used 15688K, committed 16128K, reserved 1048576K
}

