# JRE version: OpenJDK Runtime Environment (17.0.6) (build 17.0.6+0-b2043.56-10027231)
# Java VM: OpenJDK 64-Bit Server VM (17.0.6+0-b2043.56-10027231, mixed mode, tiered, compressed oops, compressed class ptrs, g1 gc, windows-amd64)
GC Precious Log:
 CPUs: 2 total, 2 available
 Memory: 6020M
 Large Page Support: Disabled
 NUMA Support: Disabled
 Compressed Oops: Enabled (32-bit)
 Heap Region Size: 1M
 Heap Min Capacity: 8M
 Heap Initial Capacity: 96M
 Heap Max Capacity: 2G
 Pre-touch: Disabled
 Parallel Workers: 2
 Concurrent Workers: 1
 Concurrent Refinement Workers: 2
 Periodic GC: Disabled
Heap:
 garbage-first heap   total 337920K, used 258310K [0x0000000080000000, 0x0000000100000000)
  region size 1024K, 8 young (8192K), 4 survivors (4096K)
 Metaspace       used 125058K, committed 126208K, reserved 1163264K
  class space    used 16413K, committed 16960K, reserved 1048576K
GC Heap History (20 events):
Event: 78.074 GC heap before
{Heap before GC invocations=56 (full 0):
 garbage-first heap   total 337920K, used 269777K [0x0000000080000000, 0x0000000100000000)
  region size 1024K, 84 young (86016K), 1 survivors (1024K)
 Metaspace       used 107666K, committed 108608K, reserved 1146880K
  class space    used 14286K, committed 14720K, reserved 1048576K
}
Event: 78.102 GC heap after
{Heap after GC invocations=57 (full 0):
 garbage-first heap   total 337920K, used 194491K [0x0000000080000000, 0x0000000100000000)
  region size 1024K, 10 young (10240K), 10 survivors (10240K)
 Metaspace       used 107666K, committed 108608K, reserved 1146880K
  class space    used 14286K, committed 14720K, reserved 1048576K
}
Event: 81.098 GC heap before
{Heap before GC invocations=57 (full 0):
 garbage-first heap   total 337920K, used 273339K [0x0000000080000000, 0x0000000100000000)
  region size 1024K, 88 young (90112K), 10 survivors (10240K)
 Metaspace       used 109133K, committed 110016K, reserved 1146880K
  class space    used 14436K, committed 14848K, reserved 1048576K
}
Event: 81.142 GC heap after
{Heap after GC invocations=58 (full 0):
 garbage-first heap   total 337920K, used 202418K [0x0000000080000000, 0x0000000100000000)
  region size 1024K, 10 young (10240K), 10 survivors (10240K)
 Metaspace       used 109133K, committed 110016K, reserved 1146880K
  class space    used 14436K, committed 14848K, reserved 1048576K
}
Event: 84.260 GC heap before
{Heap before GC invocations=58 (full 0):
 garbage-first heap   total 337920K, used 277170K [0x0000000080000000, 0x0000000100000000)
  region size 1024K, 83 young (84992K), 10 survivors (10240K)
 Metaspace       used 112722K, committed 113664K, reserved 1155072K
  class space    used 14889K, committed 15296K, reserved 1048576K
}
Event: 84.293 GC heap after
{Heap after GC invocations=59 (full 0):
 garbage-first heap   total 337920K, used 207360K [0x0000000080000000, 0x0000000100000000)
  region size 1024K, 7 young (7168K), 7 survivors (7168K)
 Metaspace       used 112722K, committed 113664K, reserved 1155072K
  class space    used 14889K, committed 15296K, reserved 1048576K
}
Event: 130.047 GC heap before
{Heap before GC invocations=59 (full 0):
 garbage-first heap   total 337920K, used 279040K [0x0000000080000000, 0x0000000100000000)
  region size 1024K, 78 young (79872K), 7 survivors (7168K)
 Metaspace       used 119067K, committed 120128K, reserved 1155072K
  class space    used 15559K, committed 16064K, reserved 1048576K
}
Event: 130.161 GC heap after
{Heap after GC invocations=60 (full 0):
 garbage-first heap   total 337920K, used 214016K [0x0000000080000000, 0x0000000100000000)
  region size 1024K, 7 young (7168K), 7 survivors (7168K)
 Metaspace       used 119067K, committed 120128K, reserved 1155072K
  class space    used 15559K, committed 16064K, reserved 1048576K
}
Event: 137.101 GC heap before
{Heap before GC invocations=60 (full 0):
 garbage-first heap   total 337920K, used 280576K [0x0000000080000000, 0x0000000100000000)
  region size 1024K, 73 young (74752K), 7 survivors (7168K)
 Metaspace       used 121128K, committed 122112K, reserved 1155072K
  class space    used 15800K, committed 16256K, reserved 1048576K
}
Event: 137.150 GC heap after
{Heap after GC invocations=61 (full 0):
 garbage-first heap   total 337920K, used 221184K [0x0000000080000000, 0x0000000100000000)
  region size 1024K, 8 young (8192K), 8 survivors (8192K)
 Metaspace       used 121128K, committed 122112K, reserved 1155072K
  class space    used 15800K, committed 16256K, reserved 1048576K
}
Event: 145.833 GC heap before
{Heap before GC invocations=61 (full 0):
 garbage-first heap   total 337920K, used 282624K [0x0000000080000000, 0x0000000100000000)
  region size 1024K, 69 young (70656K), 8 survivors (8192K)
 Metaspace       used 121904K, committed 122944K, reserved 1163264K
  class space    used 15931K, committed 16448K, reserved 1048576K
}
Event: 145.890 GC heap after
{Heap after GC invocations=62 (full 0):
 garbage-first heap   total 337920K, used 230400K [0x0000000080000000, 0x0000000100000000)
  region size 1024K, 9 young (9216K), 9 survivors (9216K)
 Metaspace       used 121904K, committed 122944K, reserved 1163264K
  class space    used 15931K, committed 16448K, reserved 1048576K
}
Event: 151.166 GC heap before
{Heap before GC invocations=62 (full 0):
 garbage-first heap   total 337920K, used 283648K [0x0000000080000000, 0x0000000100000000)
  region size 1024K, 62 young (63488K), 9 survivors (9216K)
 Metaspace       used 122185K, committed 123200K, reserved 1163264K
  class space    used 15972K, committed 16448K, reserved 1048576K
}
Event: 151.231 GC heap after
{Heap after GC invocations=63 (full 0):
 garbage-first heap   total 337920K, used 236032K [0x0000000080000000, 0x0000000100000000)
  region size 1024K, 6 young (6144K), 6 survivors (6144K)
 Metaspace       used 122185K, committed 123200K, reserved 1163264K
  class space    used 15972K, committed 16448K, reserved 1048576K
}
Event: 156.231 GC heap before
{Heap before GC invocations=63 (full 0):
 garbage-first heap   total 337920K, used 285184K [0x0000000080000000, 0x0000000100000000)
  region size 1024K, 55 young (56320K), 6 survivors (6144K)
 Metaspace       used 123575K, committed 124608K, reserved 1163264K
  class space    used 16199K, committed 16704K, reserved 1048576K
}
Event: 156.337 GC heap after
{Heap after GC invocations=64 (full 0):
 garbage-first heap   total 337920K, used 240640K [0x0000000080000000, 0x0000000100000000)
  region size 1024K, 6 young (6144K), 6 survivors (6144K)
 Metaspace       used 123575K, committed 124608K, reserved 1163264K
  class space    used 16199K, committed 16704K, reserved 1048576K
}
Event: 160.898 GC heap before
{Heap before GC invocations=64 (full 0):
 garbage-first heap   total 337920K, used 286720K [0x0000000080000000, 0x0000000100000000)
  region size 1024K, 52 young (53248K), 6 survivors (6144K)
 Metaspace       used 124733K, committed 125824K, reserved 1163264K
  class space    used 16371K, committed 16896K, reserved 1048576K
}
Event: 160.954 GC heap after
{Heap after GC invocations=65 (full 0):
 garbage-first heap   total 337920K, used 243166K [0x0000000080000000, 0x0000000100000000)
  region size 1024K, 5 young (5120K), 5 survivors (5120K)
 Metaspace       used 124733K, committed 125824K, reserved 1163264K
  class space    used 16371K, committed 16896K, reserved 1048576K
}
Event: 166.959 GC heap before
{Heap before GC invocations=65 (full 0):
 garbage-first heap   total 337920K, used 277982K [0x0000000080000000, 0x0000000100000000)
  region size 1024K, 33 young (33792K), 5 survivors (5120K)
 Metaspace       used 125058K, committed 126208K, reserved 1163264K
  class space    used 16413K, committed 16960K, reserved 1048576K
}
Event: 166.983 GC heap after
{Heap after GC invocations=66 (full 0):
 garbage-first heap   total 337920K, used 254214K [0x0000000080000000, 0x0000000100000000)
  region size 1024K, 4 young (4096K), 4 survivors (4096K)
 Metaspace       used 125058K, committed 126208K, reserved 1163264K
  class space    used 16413K, committed 16960K, reserved 1048576K
}

