# JRE version: OpenJDK Runtime Environment (17.0.6) (build 17.0.6+0-b2043.56-10027231)
# Java VM: OpenJDK 64-Bit Server VM (17.0.6+0-b2043.56-10027231, mixed mode, tiered, compressed oops, compressed class ptrs, g1 gc, windows-amd64)
GC Precious Log:
 CPUs: 2 total, 2 available
 Memory: 6020M
 Large Page Support: Disabled
 NUMA Support: Disabled
 Compressed Oops: Enabled (32-bit)
 Heap Region Size: 1M
 Heap Min Capacity: 8M
 Heap Initial Capacity: 96M
 Heap Max Capacity: 2G
 Pre-touch: Disabled
 Parallel Workers: 2
 Concurrent Workers: 1
 Concurrent Refinement Workers: 2
 Periodic GC: Disabled
Heap:
 garbage-first heap   total 162816K, used 94915K [0x0000000080000000, 0x0000000100000000)
  region size 1024K, 2 young (2048K), 2 survivors (2048K)
 Metaspace       used 68502K, committed 69184K, reserved 1114112K
  class space    used 9566K, committed 9856K, reserved 1048576K
GC Heap History (20 events):
Event: 70.660 GC heap after
{Heap after GC invocations=27 (full 0):
 garbage-first heap   total 119808K, used 69494K [0x0000000080000000, 0x0000000100000000)
  region size 1024K, 2 young (2048K), 2 survivors (2048K)
 Metaspace       used 50111K, committed 50624K, reserved 1097728K
  class space    used 6558K, committed 6784K, reserved 1048576K
}
Event: 73.113 GC heap before
{Heap before GC invocations=27 (full 0):
 garbage-first heap   total 119808K, used 93046K [0x0000000080000000, 0x0000000100000000)
  region size 1024K, 26 young (26624K), 2 survivors (2048K)
 Metaspace       used 52861K, committed 53440K, reserved 1097728K
  class space    used 7054K, committed 7296K, reserved 1048576K
}
Event: 73.124 GC heap after
{Heap after GC invocations=28 (full 0):
 garbage-first heap   total 119808K, used 71304K [0x0000000080000000, 0x0000000100000000)
  region size 1024K, 4 young (4096K), 4 survivors (4096K)
 Metaspace       used 52861K, committed 53440K, reserved 1097728K
  class space    used 7054K, committed 7296K, reserved 1048576K
}
Event: 75.294 GC heap before
{Heap before GC invocations=29 (full 0):
 garbage-first heap   total 124928K, used 94856K [0x0000000080000000, 0x0000000100000000)
  region size 1024K, 27 young (27648K), 4 survivors (4096K)
 Metaspace       used 55781K, committed 56384K, reserved 1105920K
  class space    used 7511K, committed 7808K, reserved 1048576K
}
Event: 75.308 GC heap after
{Heap after GC invocations=30 (full 0):
 garbage-first heap   total 124928K, used 72972K [0x0000000080000000, 0x0000000100000000)
  region size 1024K, 4 young (4096K), 4 survivors (4096K)
 Metaspace       used 55781K, committed 56384K, reserved 1105920K
  class space    used 7511K, committed 7808K, reserved 1048576K
}
Event: 75.586 GC heap before
{Heap before GC invocations=30 (full 0):
 garbage-first heap   total 124928K, used 75020K [0x0000000080000000, 0x0000000100000000)
  region size 1024K, 6 young (6144K), 4 survivors (4096K)
 Metaspace       used 55864K, committed 56512K, reserved 1105920K
  class space    used 7515K, committed 7808K, reserved 1048576K
}
Event: 75.599 GC heap after
{Heap after GC invocations=31 (full 0):
 garbage-first heap   total 124928K, used 73262K [0x0000000080000000, 0x0000000100000000)
  region size 1024K, 1 young (1024K), 1 survivors (1024K)
 Metaspace       used 55864K, committed 56512K, reserved 1105920K
  class space    used 7515K, committed 7808K, reserved 1048576K
}
Event: 77.901 GC heap before
{Heap before GC invocations=31 (full 0):
 garbage-first heap   total 124928K, used 99886K [0x0000000080000000, 0x0000000100000000)
  region size 1024K, 28 young (28672K), 1 survivors (1024K)
 Metaspace       used 56673K, committed 57344K, reserved 1105920K
  class space    used 7583K, committed 7872K, reserved 1048576K
}
Event: 77.915 GC heap after
{Heap after GC invocations=32 (full 0):
 garbage-first heap   total 124928K, used 78358K [0x0000000080000000, 0x0000000100000000)
  region size 1024K, 4 young (4096K), 4 survivors (4096K)
 Metaspace       used 56673K, committed 57344K, reserved 1105920K
  class space    used 7583K, committed 7872K, reserved 1048576K
}
Event: 79.365 GC heap before
{Heap before GC invocations=33 (full 0):
 garbage-first heap   total 135168K, used 106006K [0x0000000080000000, 0x0000000100000000)
  region size 1024K, 26 young (26624K), 4 survivors (4096K)
 Metaspace       used 60773K, committed 61440K, reserved 1105920K
  class space    used 8588K, committed 8896K, reserved 1048576K
}
Event: 79.376 GC heap after
{Heap after GC invocations=34 (full 0):
 garbage-first heap   total 135168K, used 86000K [0x0000000080000000, 0x0000000100000000)
  region size 1024K, 3 young (3072K), 3 survivors (3072K)
 Metaspace       used 60773K, committed 61440K, reserved 1105920K
  class space    used 8588K, committed 8896K, reserved 1048576K
}
Event: 79.498 GC heap before
{Heap before GC invocations=34 (full 0):
 garbage-first heap   total 135168K, used 92144K [0x0000000080000000, 0x0000000100000000)
  region size 1024K, 6 young (6144K), 3 survivors (3072K)
 Metaspace       used 60791K, committed 61440K, reserved 1105920K
  class space    used 8590K, committed 8896K, reserved 1048576K
}
Event: 79.504 GC heap after
{Heap after GC invocations=35 (full 0):
 garbage-first heap   total 135168K, used 91834K [0x0000000080000000, 0x0000000100000000)
  region size 1024K, 1 young (1024K), 1 survivors (1024K)
 Metaspace       used 60791K, committed 61440K, reserved 1105920K
  class space    used 8590K, committed 8896K, reserved 1048576K
}
Event: 79.578 GC heap before
{Heap before GC invocations=35 (full 0):
 garbage-first heap   total 135168K, used 93882K [0x0000000080000000, 0x0000000100000000)
  region size 1024K, 4 young (4096K), 1 survivors (1024K)
 Metaspace       used 61062K, committed 61760K, reserved 1105920K
  class space    used 8640K, committed 8960K, reserved 1048576K
}
Event: 79.580 GC heap after
{Heap after GC invocations=36 (full 0):
 garbage-first heap   total 135168K, used 92939K [0x0000000080000000, 0x0000000100000000)
  region size 1024K, 3 young (3072K), 3 survivors (3072K)
 Metaspace       used 61062K, committed 61760K, reserved 1105920K
  class space    used 8640K, committed 8960K, reserved 1048576K
}
Event: 80.731 GC heap before
{Heap before GC invocations=37 (full 0):
 garbage-first heap   total 162816K, used 111371K [0x0000000080000000, 0x0000000100000000)
  region size 1024K, 21 young (21504K), 3 survivors (3072K)
 Metaspace       used 63117K, committed 63808K, reserved 1105920K
  class space    used 8930K, committed 9216K, reserved 1048576K
}
Event: 80.739 GC heap after
{Heap after GC invocations=38 (full 0):
 garbage-first heap   total 162816K, used 95010K [0x0000000080000000, 0x0000000100000000)
  region size 1024K, 3 young (3072K), 3 survivors (3072K)
 Metaspace       used 63117K, committed 63808K, reserved 1105920K
  class space    used 8930K, committed 9216K, reserved 1048576K
}
Event: 80.917 GC heap before
{Heap before GC invocations=38 (full 0):
 garbage-first heap   total 162816K, used 98082K [0x0000000080000000, 0x0000000100000000)
  region size 1024K, 7 young (7168K), 3 survivors (3072K)
 Metaspace       used 63614K, committed 64256K, reserved 1105920K
  class space    used 8999K, committed 9280K, reserved 1048576K
}
Event: 80.928 GC heap after
{Heap after GC invocations=39 (full 0):
 garbage-first heap   total 162816K, used 93747K [0x0000000080000000, 0x0000000100000000)
  region size 1024K, 1 young (1024K), 1 survivors (1024K)
 Metaspace       used 63614K, committed 64256K, reserved 1105920K
  class space    used 8999K, committed 9280K, reserved 1048576K
}
Event: 82.839 GC heap before
{Heap before GC invocations=39 (full 0):
 garbage-first heap   total 162816K, used 124467K [0x0000000080000000, 0x0000000100000000)
  region size 1024K, 31 young (31744K), 1 survivors (1024K)
 Metaspace       used 68502K, committed 69184K, reserved 1114112K
  class space    used 9566K, committed 9856K, reserved 1048576K
}

