# JRE version: OpenJDK Runtime Environment (17.0.6) (build 17.0.6+0-b2043.56-10027231)
# Java VM: OpenJDK 64-Bit Server VM (17.0.6+0-b2043.56-10027231, mixed mode, tiered, compressed oops, compressed class ptrs, g1 gc, windows-amd64)
GC Precious Log:
 CPUs: 2 total, 2 available
 Memory: 6020M
 Large Page Support: Disabled
 NUMA Support: Disabled
 Compressed Oops: Enabled (32-bit)
 Heap Region Size: 1M
 Heap Min Capacity: 8M
 Heap Initial Capacity: 96M
 Heap Max Capacity: 2G
 Pre-touch: Disabled
 Parallel Workers: 2
 Concurrent Workers: 1
 Concurrent Refinement Workers: 2
 Periodic GC: Disabled
Heap:
 garbage-first heap   total 252928K, used 154624K [0x0000000080000000, 0x0000000100000000)
  region size 1024K, 8 young (8192K), 7 survivors (7168K)
 Metaspace       used 102596K, committed 103296K, reserved 1138688K
  class space    used 13653K, committed 14016K, reserved 1048576K
GC Heap History (20 events):
Event: 36.775 GC heap before
{Heap before GC invocations=31 (full 0):
 garbage-first heap   total 239616K, used 178367K [0x0000000080000000, 0x0000000100000000)
  region size 1024K, 96 young (98304K), 2 survivors (2048K)
 Metaspace       used 64460K, committed 65024K, reserved 1105920K
  class space    used 8557K, committed 8832K, reserved 1048576K
}
Event: 36.808 GC heap after
{Heap after GC invocations=32 (full 0):
 garbage-first heap   total 239616K, used 94305K [0x0000000080000000, 0x0000000100000000)
  region size 1024K, 12 young (12288K), 12 survivors (12288K)
 Metaspace       used 64460K, committed 65024K, reserved 1105920K
  class space    used 8557K, committed 8832K, reserved 1048576K
}
Event: 36.842 GC heap before
{Heap before GC invocations=32 (full 0):
 garbage-first heap   total 239616K, used 95329K [0x0000000080000000, 0x0000000100000000)
  region size 1024K, 13 young (13312K), 12 survivors (12288K)
 Metaspace       used 64514K, committed 65088K, reserved 1105920K
  class space    used 8572K, committed 8832K, reserved 1048576K
}
Event: 36.866 GC heap after
{Heap after GC invocations=33 (full 0):
 garbage-first heap   total 239616K, used 95597K [0x0000000080000000, 0x0000000100000000)
  region size 1024K, 1 young (1024K), 1 survivors (1024K)
 Metaspace       used 64514K, committed 65088K, reserved 1105920K
  class space    used 8572K, committed 8832K, reserved 1048576K
}
Event: 41.831 GC heap before
{Heap before GC invocations=33 (full 0):
 garbage-first heap   total 239616K, used 176493K [0x0000000080000000, 0x0000000100000000)
  region size 1024K, 74 young (75776K), 1 survivors (1024K)
 Metaspace       used 73184K, committed 73856K, reserved 1114112K
  class space    used 9694K, committed 9984K, reserved 1048576K
}
Event: 41.846 GC heap after
{Heap after GC invocations=34 (full 0):
 garbage-first heap   total 239616K, used 101237K [0x0000000080000000, 0x0000000100000000)
  region size 1024K, 7 young (7168K), 7 survivors (7168K)
 Metaspace       used 73184K, committed 73856K, reserved 1114112K
  class space    used 9694K, committed 9984K, reserved 1048576K
}
Event: 44.938 GC heap before
{Heap before GC invocations=34 (full 0):
 garbage-first heap   total 239616K, used 174965K [0x0000000080000000, 0x0000000100000000)
  region size 1024K, 80 young (81920K), 7 survivors (7168K)
 Metaspace       used 79796K, committed 80512K, reserved 1122304K
  class space    used 10575K, committed 10880K, reserved 1048576K
}
Event: 44.962 GC heap after
{Heap after GC invocations=35 (full 0):
 garbage-first heap   total 239616K, used 107858K [0x0000000080000000, 0x0000000100000000)
  region size 1024K, 7 young (7168K), 7 survivors (7168K)
 Metaspace       used 79796K, committed 80512K, reserved 1122304K
  class space    used 10575K, committed 10880K, reserved 1048576K
}
Event: 46.245 GC heap before
{Heap before GC invocations=35 (full 0):
 garbage-first heap   total 239616K, used 135506K [0x0000000080000000, 0x0000000100000000)
  region size 1024K, 35 young (35840K), 7 survivors (7168K)
 Metaspace       used 84411K, committed 85056K, reserved 1130496K
  class space    used 11145K, committed 11456K, reserved 1048576K
}
Event: 46.260 GC heap after
{Heap after GC invocations=36 (full 0):
 garbage-first heap   total 239616K, used 109568K [0x0000000080000000, 0x0000000100000000)
  region size 1024K, 2 young (2048K), 2 survivors (2048K)
 Metaspace       used 84411K, committed 85056K, reserved 1130496K
  class space    used 11145K, committed 11456K, reserved 1048576K
}
Event: 49.151 GC heap before
{Heap before GC invocations=37 (full 0):
 garbage-first heap   total 239616K, used 197632K [0x0000000080000000, 0x0000000100000000)
  region size 1024K, 79 young (80896K), 2 survivors (2048K)
 Metaspace       used 92930K, committed 93632K, reserved 1130496K
  class space    used 12686K, committed 12992K, reserved 1048576K
}
Event: 49.181 GC heap after
{Heap after GC invocations=38 (full 0):
 garbage-first heap   total 239616K, used 124416K [0x0000000080000000, 0x0000000100000000)
  region size 1024K, 10 young (10240K), 10 survivors (10240K)
 Metaspace       used 92930K, committed 93632K, reserved 1130496K
  class space    used 12686K, committed 12992K, reserved 1048576K
}
Event: 49.197 GC heap before
{Heap before GC invocations=38 (full 0):
 garbage-first heap   total 239616K, used 125440K [0x0000000080000000, 0x0000000100000000)
  region size 1024K, 11 young (11264K), 10 survivors (10240K)
 Metaspace       used 92932K, committed 93696K, reserved 1130496K
  class space    used 12686K, committed 12992K, reserved 1048576K
}
Event: 49.224 GC heap after
{Heap after GC invocations=39 (full 0):
 garbage-first heap   total 239616K, used 123904K [0x0000000080000000, 0x0000000100000000)
  region size 1024K, 1 young (1024K), 1 survivors (1024K)
 Metaspace       used 92932K, committed 93696K, reserved 1130496K
  class space    used 12686K, committed 12992K, reserved 1048576K
}
Event: 50.380 GC heap before
{Heap before GC invocations=39 (full 0):
 garbage-first heap   total 239616K, used 188416K [0x0000000080000000, 0x0000000100000000)
  region size 1024K, 64 young (65536K), 1 survivors (1024K)
 Metaspace       used 93999K, committed 94720K, reserved 1138688K
  class space    used 12802K, committed 13120K, reserved 1048576K
}
Event: 50.423 GC heap after
{Heap after GC invocations=40 (full 0):
 garbage-first heap   total 239616K, used 139776K [0x0000000080000000, 0x0000000100000000)
  region size 1024K, 8 young (8192K), 8 survivors (8192K)
 Metaspace       used 93999K, committed 94720K, reserved 1138688K
  class space    used 12802K, committed 13120K, reserved 1048576K
}
Event: 51.523 GC heap before
{Heap before GC invocations=40 (full 0):
 garbage-first heap   total 239616K, used 163328K [0x0000000080000000, 0x0000000100000000)
  region size 1024K, 32 young (32768K), 8 survivors (8192K)
 Metaspace       used 97394K, committed 98048K, reserved 1138688K
  class space    used 13189K, committed 13504K, reserved 1048576K
}
Event: 51.540 GC heap after
{Heap after GC invocations=41 (full 0):
 garbage-first heap   total 239616K, used 142848K [0x0000000080000000, 0x0000000100000000)
  region size 1024K, 3 young (3072K), 3 survivors (3072K)
 Metaspace       used 97394K, committed 98048K, reserved 1138688K
  class space    used 13189K, committed 13504K, reserved 1048576K
}
Event: 53.759 GC heap before
{Heap before GC invocations=42 (full 0):
 garbage-first heap   total 252928K, used 199168K [0x0000000080000000, 0x0000000100000000)
  region size 1024K, 52 young (53248K), 3 survivors (3072K)
 Metaspace       used 102588K, committed 103296K, reserved 1138688K
  class space    used 13653K, committed 14016K, reserved 1048576K
}
Event: 53.774 GC heap after
{Heap after GC invocations=43 (full 0):
 garbage-first heap   total 252928K, used 154624K [0x0000000080000000, 0x0000000100000000)
  region size 1024K, 7 young (7168K), 7 survivors (7168K)
 Metaspace       used 102588K, committed 103296K, reserved 1138688K
  class space    used 13653K, committed 14016K, reserved 1048576K
}

