# JRE version: OpenJDK Runtime Environment (17.0.6) (build 17.0.6+0-b2043.56-10027231)
# Java VM: OpenJDK 64-Bit Server VM (17.0.6+0-b2043.56-10027231, mixed mode, tiered, compressed oops, compressed class ptrs, g1 gc, windows-amd64)
GC Precious Log:
 CPUs: 2 total, 2 available
 Memory: 6020M
 Large Page Support: Disabled
 NUMA Support: Disabled
 Compressed Oops: Enabled (32-bit)
 Heap Region Size: 1M
 Heap Min Capacity: 8M
 Heap Initial Capacity: 96M
 Heap Max Capacity: 2G
 Pre-touch: Disabled
 Parallel Workers: 2
 Concurrent Workers: 1
 Concurrent Refinement Workers: 2
 Periodic GC: Disabled
Heap:
 garbage-first heap   total 346112K, used 170427K [0x0000000080000000, 0x0000000100000000)
  region size 1024K, 9 young (9216K), 3 survivors (3072K)
 Metaspace       used 108759K, committed 109504K, reserved 1146880K
  class space    used 14211K, committed 14592K, reserved 1048576K
GC Heap History (20 events):
Event: 42.284 GC heap before
{Heap before GC invocations=40 (full 0):
 garbage-first heap   total 172032K, used 135676K [0x0000000080000000, 0x0000000100000000)
  region size 1024K, 59 young (60416K), 5 survivors (5120K)
 Metaspace       used 95408K, committed 96128K, reserved 1138688K
  class space    used 12850K, committed 13184K, reserved 1048576K
}
Event: 42.314 GC heap after
{Heap after GC invocations=41 (full 0):
 garbage-first heap   total 172032K, used 90047K [0x0000000080000000, 0x0000000100000000)
  region size 1024K, 8 young (8192K), 8 survivors (8192K)
 Metaspace       used 95408K, committed 96128K, reserved 1138688K
  class space    used 12850K, committed 13184K, reserved 1048576K
}
Event: 46.710 GC heap before
{Heap before GC invocations=41 (full 0):
 garbage-first heap   total 172032K, used 136127K [0x0000000080000000, 0x0000000100000000)
  region size 1024K, 53 young (54272K), 8 survivors (8192K)
 Metaspace       used 98703K, committed 99328K, reserved 1138688K
  class space    used 13276K, committed 13568K, reserved 1048576K
}
Event: 46.740 GC heap after
{Heap after GC invocations=42 (full 0):
 garbage-first heap   total 172032K, used 97707K [0x0000000080000000, 0x0000000100000000)
  region size 1024K, 7 young (7168K), 7 survivors (7168K)
 Metaspace       used 98703K, committed 99328K, reserved 1138688K
  class space    used 13276K, committed 13568K, reserved 1048576K
}
Event: 48.588 GC heap before
{Heap before GC invocations=42 (full 0):
 garbage-first heap   total 172032K, used 136619K [0x0000000080000000, 0x0000000100000000)
  region size 1024K, 46 young (47104K), 7 survivors (7168K)
 Metaspace       used 98946K, committed 99584K, reserved 1138688K
  class space    used 13281K, committed 13568K, reserved 1048576K
}
Event: 48.607 GC heap after
{Heap after GC invocations=43 (full 0):
 garbage-first heap   total 172032K, used 100799K [0x0000000080000000, 0x0000000100000000)
  region size 1024K, 5 young (5120K), 5 survivors (5120K)
 Metaspace       used 98946K, committed 99584K, reserved 1138688K
  class space    used 13281K, committed 13568K, reserved 1048576K
}
Event: 51.605 GC heap before
{Heap before GC invocations=44 (full 0):
 garbage-first heap   total 173056K, used 138687K [0x0000000080000000, 0x0000000100000000)
  region size 1024K, 43 young (44032K), 5 survivors (5120K)
 Metaspace       used 99525K, committed 100224K, reserved 1138688K
  class space    used 13360K, committed 13696K, reserved 1048576K
}
Event: 51.644 GC heap after
{Heap after GC invocations=45 (full 0):
 garbage-first heap   total 173056K, used 102804K [0x0000000080000000, 0x0000000100000000)
  region size 1024K, 5 young (5120K), 5 survivors (5120K)
 Metaspace       used 99525K, committed 100224K, reserved 1138688K
  class space    used 13360K, committed 13696K, reserved 1048576K
}
Event: 52.463 GC heap before
{Heap before GC invocations=45 (full 0):
 garbage-first heap   total 173056K, used 104852K [0x0000000080000000, 0x0000000100000000)
  region size 1024K, 8 young (8192K), 5 survivors (5120K)
 Metaspace       used 99561K, committed 100288K, reserved 1138688K
  class space    used 13363K, committed 13696K, reserved 1048576K
}
Event: 52.475 GC heap after
{Heap after GC invocations=46 (full 0):
 garbage-first heap   total 173056K, used 102492K [0x0000000080000000, 0x0000000100000000)
  region size 1024K, 1 young (1024K), 1 survivors (1024K)
 Metaspace       used 99561K, committed 100288K, reserved 1138688K
  class space    used 13363K, committed 13696K, reserved 1048576K
}
Event: 54.612 GC heap before
{Heap before GC invocations=46 (full 0):
 garbage-first heap   total 173056K, used 141404K [0x0000000080000000, 0x0000000100000000)
  region size 1024K, 38 young (38912K), 1 survivors (1024K)
 Metaspace       used 102159K, committed 102912K, reserved 1138688K
  class space    used 13703K, committed 14080K, reserved 1048576K
}
Event: 54.641 GC heap after
{Heap after GC invocations=47 (full 0):
 garbage-first heap   total 346112K, used 117579K [0x0000000080000000, 0x0000000100000000)
  region size 1024K, 5 young (5120K), 5 survivors (5120K)
 Metaspace       used 102159K, committed 102912K, reserved 1138688K
  class space    used 13703K, committed 14080K, reserved 1048576K
}
Event: 62.578 GC heap before
{Heap before GC invocations=47 (full 0):
 garbage-first heap   total 346112K, used 253771K [0x0000000080000000, 0x0000000100000000)
  region size 1024K, 122 young (124928K), 5 survivors (5120K)
 Metaspace       used 103882K, committed 104640K, reserved 1146880K
  class space    used 13827K, committed 14208K, reserved 1048576K
}
Event: 62.711 GC heap after
{Heap after GC invocations=48 (full 0):
 garbage-first heap   total 346112K, used 151999K [0x0000000080000000, 0x0000000100000000)
  region size 1024K, 16 young (16384K), 16 survivors (16384K)
 Metaspace       used 103882K, committed 104640K, reserved 1146880K
  class space    used 13827K, committed 14208K, reserved 1048576K
}
Event: 66.216 GC heap before
{Heap before GC invocations=48 (full 0):
 garbage-first heap   total 346112K, used 259519K [0x0000000080000000, 0x0000000100000000)
  region size 1024K, 94 young (96256K), 16 survivors (16384K)
 Metaspace       used 105210K, committed 105984K, reserved 1146880K
  class space    used 13920K, committed 14272K, reserved 1048576K
}
Event: 66.302 GC heap after
{Heap after GC invocations=49 (full 0):
 garbage-first heap   total 346112K, used 163263K [0x0000000080000000, 0x0000000100000000)
  region size 1024K, 11 young (11264K), 11 survivors (11264K)
 Metaspace       used 105210K, committed 105984K, reserved 1146880K
  class space    used 13920K, committed 14272K, reserved 1048576K
}
Event: 69.083 GC heap before
{Heap before GC invocations=49 (full 0):
 garbage-first heap   total 346112K, used 242111K [0x0000000080000000, 0x0000000100000000)
  region size 1024K, 89 young (91136K), 11 survivors (11264K)
 Metaspace       used 108091K, committed 108800K, reserved 1146880K
  class space    used 14169K, committed 14528K, reserved 1048576K
}
Event: 69.104 GC heap after
{Heap after GC invocations=50 (full 0):
 garbage-first heap   total 346112K, used 166847K [0x0000000080000000, 0x0000000100000000)
  region size 1024K, 4 young (4096K), 4 survivors (4096K)
 Metaspace       used 108091K, committed 108800K, reserved 1146880K
  class space    used 14169K, committed 14528K, reserved 1048576K
}
Event: 90.124 GC heap before
{Heap before GC invocations=50 (full 0):
 garbage-first heap   total 346112K, used 253887K [0x0000000080000000, 0x0000000100000000)
  region size 1024K, 90 young (92160K), 4 survivors (4096K)
 Metaspace       used 108747K, committed 109504K, reserved 1146880K
  class space    used 14211K, committed 14592K, reserved 1048576K
}
Event: 90.151 GC heap after
{Heap after GC invocations=51 (full 0):
 garbage-first heap   total 346112K, used 165307K [0x0000000080000000, 0x0000000100000000)
  region size 1024K, 3 young (3072K), 3 survivors (3072K)
 Metaspace       used 108747K, committed 109504K, reserved 1146880K
  class space    used 14211K, committed 14592K, reserved 1048576K
}

