# JRE version: OpenJDK Runtime Environment (17.0.6) (build 17.0.6+0-b2043.56-10027231)
# Java VM: OpenJDK 64-Bit Server VM (17.0.6+0-b2043.56-10027231, mixed mode, tiered, compressed oops, compressed class ptrs, g1 gc, windows-amd64)
GC Precious Log:
 CPUs: 2 total, 2 available
 Memory: 6020M
 Large Page Support: Disabled
 NUMA Support: Disabled
 Compressed Oops: Enabled (32-bit)
 Heap Region Size: 1M
 Heap Min Capacity: 8M
 Heap Initial Capacity: 96M
 Heap Max Capacity: 2G
 Pre-touch: Disabled
 Parallel Workers: 2
 Concurrent Workers: 1
 Concurrent Refinement Workers: 2
 Periodic GC: Disabled
Heap:
 garbage-first heap   total 520192K, used 389632K [0x0000000080000000, 0x0000000100000000)
  region size 1024K, 11 young (11264K), 11 survivors (11264K)
 Metaspace       used 126358K, committed 127168K, reserved 1163264K
  class space    used 16715K, committed 17152K, reserved 1048576K
GC Heap History (20 events):
Event: 130.080 GC heap after
{Heap after GC invocations=105 (full 0):
 garbage-first heap   total 520192K, used 265370K [0x0000000080000000, 0x0000000100000000)
  region size 1024K, 14 young (14336K), 14 survivors (14336K)
 Metaspace       used 124064K, committed 124864K, reserved 1163264K
  class space    used 16420K, committed 16832K, reserved 1048576K
}
Event: 131.139 GC heap before
{Heap before GC invocations=105 (full 0):
 garbage-first heap   total 520192K, used 452762K [0x0000000080000000, 0x0000000100000000)
  region size 1024K, 197 young (201728K), 14 survivors (14336K)
 Metaspace       used 124064K, committed 124864K, reserved 1163264K
  class space    used 16420K, committed 16832K, reserved 1048576K
}
Event: 131.168 GC heap after
{Heap after GC invocations=106 (full 0):
 garbage-first heap   total 520192K, used 260476K [0x0000000080000000, 0x0000000100000000)
  region size 1024K, 8 young (8192K), 8 survivors (8192K)
 Metaspace       used 124064K, committed 124864K, reserved 1163264K
  class space    used 16420K, committed 16832K, reserved 1048576K
}
Event: 132.278 GC heap before
{Heap before GC invocations=106 (full 0):
 garbage-first heap   total 520192K, used 459132K [0x0000000080000000, 0x0000000100000000)
  region size 1024K, 202 young (206848K), 8 survivors (8192K)
 Metaspace       used 124064K, committed 124864K, reserved 1163264K
  class space    used 16420K, committed 16832K, reserved 1048576K
}
Event: 132.303 GC heap after
{Heap after GC invocations=107 (full 0):
 garbage-first heap   total 520192K, used 262524K [0x0000000080000000, 0x0000000100000000)
  region size 1024K, 10 young (10240K), 10 survivors (10240K)
 Metaspace       used 124064K, committed 124864K, reserved 1163264K
  class space    used 16420K, committed 16832K, reserved 1048576K
}
Event: 133.256 GC heap before
{Heap before GC invocations=107 (full 0):
 garbage-first heap   total 520192K, used 457084K [0x0000000080000000, 0x0000000100000000)
  region size 1024K, 200 young (204800K), 10 survivors (10240K)
 Metaspace       used 124068K, committed 124864K, reserved 1163264K
  class space    used 16421K, committed 16832K, reserved 1048576K
}
Event: 133.282 GC heap after
{Heap after GC invocations=108 (full 0):
 garbage-first heap   total 520192K, used 262524K [0x0000000080000000, 0x0000000100000000)
  region size 1024K, 10 young (10240K), 10 survivors (10240K)
 Metaspace       used 124068K, committed 124864K, reserved 1163264K
  class space    used 16421K, committed 16832K, reserved 1048576K
}
Event: 133.769 GC heap before
{Heap before GC invocations=108 (full 0):
 garbage-first heap   total 520192K, used 457084K [0x0000000080000000, 0x0000000100000000)
  region size 1024K, 200 young (204800K), 10 survivors (10240K)
 Metaspace       used 124070K, committed 124864K, reserved 1163264K
  class space    used 16421K, committed 16832K, reserved 1048576K
}
Event: 133.793 GC heap after
{Heap after GC invocations=109 (full 0):
 garbage-first heap   total 520192K, used 262180K [0x0000000080000000, 0x0000000100000000)
  region size 1024K, 9 young (9216K), 9 survivors (9216K)
 Metaspace       used 124070K, committed 124864K, reserved 1163264K
  class space    used 16421K, committed 16832K, reserved 1048576K
}
Event: 135.014 GC heap before
{Heap before GC invocations=109 (full 0):
 garbage-first heap   total 520192K, used 457764K [0x0000000080000000, 0x0000000100000000)
  region size 1024K, 200 young (204800K), 9 survivors (9216K)
 Metaspace       used 124072K, committed 124864K, reserved 1163264K
  class space    used 16421K, committed 16832K, reserved 1048576K
}
Event: 135.039 GC heap after
{Heap after GC invocations=110 (full 0):
 garbage-first heap   total 520192K, used 262917K [0x0000000080000000, 0x0000000100000000)
  region size 1024K, 9 young (9216K), 9 survivors (9216K)
 Metaspace       used 124072K, committed 124864K, reserved 1163264K
  class space    used 16421K, committed 16832K, reserved 1048576K
}
Event: 136.548 GC heap before
{Heap before GC invocations=110 (full 0):
 garbage-first heap   total 520192K, used 457477K [0x0000000080000000, 0x0000000100000000)
  region size 1024K, 199 young (203776K), 9 survivors (9216K)
 Metaspace       used 124326K, committed 125184K, reserved 1163264K
  class space    used 16471K, committed 16896K, reserved 1048576K
}
Event: 136.580 GC heap after
{Heap after GC invocations=111 (full 0):
 garbage-first heap   total 520192K, used 265795K [0x0000000080000000, 0x0000000100000000)
  region size 1024K, 11 young (11264K), 11 survivors (11264K)
 Metaspace       used 124326K, committed 125184K, reserved 1163264K
  class space    used 16471K, committed 16896K, reserved 1048576K
}
Event: 139.462 GC heap before
{Heap before GC invocations=111 (full 0):
 garbage-first heap   total 520192K, used 422467K [0x0000000080000000, 0x0000000100000000)
  region size 1024K, 142 young (145408K), 11 survivors (11264K)
 Metaspace       used 125193K, committed 126016K, reserved 1163264K
  class space    used 16581K, committed 17024K, reserved 1048576K
}
Event: 139.505 GC heap after
{Heap after GC invocations=112 (full 0):
 garbage-first heap   total 520192K, used 286695K [0x0000000080000000, 0x0000000100000000)
  region size 1024K, 13 young (13312K), 13 survivors (13312K)
 Metaspace       used 125193K, committed 126016K, reserved 1163264K
  class space    used 16581K, committed 17024K, reserved 1048576K
}
Event: 139.648 GC heap before
{Heap before GC invocations=112 (full 0):
 garbage-first heap   total 520192K, used 331751K [0x0000000080000000, 0x0000000100000000)
  region size 1024K, 29 young (29696K), 13 survivors (13312K)
 Metaspace       used 125197K, committed 126016K, reserved 1163264K
  class space    used 16581K, committed 17024K, reserved 1048576K
}
Event: 139.672 GC heap after
{Heap after GC invocations=113 (full 0):
 garbage-first heap   total 520192K, used 304096K [0x0000000080000000, 0x0000000100000000)
  region size 1024K, 17 young (17408K), 17 survivors (17408K)
 Metaspace       used 125197K, committed 126016K, reserved 1163264K
  class space    used 16581K, committed 17024K, reserved 1048576K
}
Event: 141.620 GC heap before
{Heap before GC invocations=113 (full 0):
 garbage-first heap   total 520192K, used 444384K [0x0000000080000000, 0x0000000100000000)
  region size 1024K, 138 young (141312K), 17 survivors (17408K)
 Metaspace       used 126010K, committed 126784K, reserved 1163264K
  class space    used 16679K, committed 17088K, reserved 1048576K
}
Event: 141.758 GC heap after
{Heap after GC invocations=114 (full 0):
 garbage-first heap   total 520192K, used 355387K [0x0000000080000000, 0x0000000100000000)
  region size 1024K, 18 young (18432K), 18 survivors (18432K)
 Metaspace       used 126010K, committed 126784K, reserved 1163264K
  class space    used 16679K, committed 17088K, reserved 1048576K
}
Event: 142.804 GC heap before
{Heap before GC invocations=114 (full 0):
 garbage-first heap   total 520192K, used 422971K [0x0000000080000000, 0x0000000100000000)
  region size 1024K, 84 young (86016K), 18 survivors (18432K)
 Metaspace       used 126358K, committed 127168K, reserved 1163264K
  class space    used 16715K, committed 17152K, reserved 1048576K
}

