# JRE version: OpenJDK Runtime Environment (17.0.6) (build 17.0.6+0-b2043.56-10027231)
# Java VM: OpenJDK 64-Bit Server VM (17.0.6+0-b2043.56-10027231, mixed mode, tiered, compressed oops, compressed class ptrs, g1 gc, windows-amd64)
GC Precious Log:
 CPUs: 2 total, 2 available
 Memory: 6020M
 Large Page Support: Disabled
 NUMA Support: Disabled
 Compressed Oops: Enabled (32-bit)
 Heap Region Size: 1M
 Heap Min Capacity: 8M
 Heap Initial Capacity: 96M
 Heap Max Capacity: 2G
 Pre-touch: Disabled
 Parallel Workers: 2
 Concurrent Workers: 1
 Concurrent Refinement Workers: 2
 Periodic GC: Disabled
Heap:
 garbage-first heap   total 82944K, used 57936K [0x0000000080000000, 0x0000000100000000)
  region size 1024K, 3 young (3072K), 1 survivors (1024K)
 Metaspace       used 58149K, committed 58688K, reserved 1105920K
  class space    used 7701K, committed 7936K, reserved 1048576K
GC Heap History (20 events):
Event: 18.246 GC heap before
{Heap before GC invocations=11 (full 0):
 garbage-first heap   total 65536K, used 47993K [0x0000000080000000, 0x0000000100000000)
  region size 1024K, 27 young (27648K), 3 survivors (3072K)
 Metaspace       used 40569K, committed 40960K, reserved 1089536K
  class space    used 5359K, committed 5504K, reserved 1048576K
}
Event: 18.268 GC heap after
{Heap after GC invocations=12 (full 0):
 garbage-first heap   total 65536K, used 27490K [0x0000000080000000, 0x0000000100000000)
  region size 1024K, 4 young (4096K), 4 survivors (4096K)
 Metaspace       used 40569K, committed 40960K, reserved 1089536K
  class space    used 5359K, committed 5504K, reserved 1048576K
}
Event: 19.870 GC heap before
{Heap before GC invocations=12 (full 0):
 garbage-first heap   total 65536K, used 51042K [0x0000000080000000, 0x0000000100000000)
  region size 1024K, 25 young (25600K), 4 survivors (4096K)
 Metaspace       used 42906K, committed 43328K, reserved 1089536K
  class space    used 5606K, committed 5760K, reserved 1048576K
}
Event: 19.893 GC heap after
{Heap after GC invocations=13 (full 0):
 garbage-first heap   total 65536K, used 30430K [0x0000000080000000, 0x0000000100000000)
  region size 1024K, 3 young (3072K), 3 survivors (3072K)
 Metaspace       used 42906K, committed 43328K, reserved 1089536K
  class space    used 5606K, committed 5760K, reserved 1048576K
}
Event: 23.005 GC heap before
{Heap before GC invocations=13 (full 0):
 garbage-first heap   total 65536K, used 49886K [0x0000000080000000, 0x0000000100000000)
  region size 1024K, 22 young (22528K), 3 survivors (3072K)
 Metaspace       used 44603K, committed 45056K, reserved 1089536K
  class space    used 5753K, committed 5952K, reserved 1048576K
}
Event: 23.014 GC heap after
{Heap after GC invocations=14 (full 0):
 garbage-first heap   total 81920K, used 31436K [0x0000000080000000, 0x0000000100000000)
  region size 1024K, 2 young (2048K), 2 survivors (2048K)
 Metaspace       used 44603K, committed 45056K, reserved 1089536K
  class space    used 5753K, committed 5952K, reserved 1048576K
}
Event: 26.463 GC heap before
{Heap before GC invocations=14 (full 0):
 garbage-first heap   total 81920K, used 62156K [0x0000000080000000, 0x0000000100000000)
  region size 1024K, 32 young (32768K), 2 survivors (2048K)
 Metaspace       used 48646K, committed 49088K, reserved 1097728K
  class space    used 6451K, committed 6656K, reserved 1048576K
}
Event: 26.472 GC heap after
{Heap after GC invocations=15 (full 0):
 garbage-first heap   total 81920K, used 33525K [0x0000000080000000, 0x0000000100000000)
  region size 1024K, 4 young (4096K), 4 survivors (4096K)
 Metaspace       used 48646K, committed 49088K, reserved 1097728K
  class space    used 6451K, committed 6656K, reserved 1048576K
}
Event: 30.179 GC heap before
{Heap before GC invocations=15 (full 0):
 garbage-first heap   total 81920K, used 63221K [0x0000000080000000, 0x0000000100000000)
  region size 1024K, 33 young (33792K), 4 survivors (4096K)
 Metaspace       used 52525K, committed 52928K, reserved 1097728K
  class space    used 7032K, committed 7232K, reserved 1048576K
}
Event: 30.189 GC heap after
{Heap after GC invocations=16 (full 0):
 garbage-first heap   total 81920K, used 35019K [0x0000000080000000, 0x0000000100000000)
  region size 1024K, 4 young (4096K), 4 survivors (4096K)
 Metaspace       used 52525K, committed 52928K, reserved 1097728K
  class space    used 7032K, committed 7232K, reserved 1048576K
}
Event: 32.622 GC heap before
{Heap before GC invocations=16 (full 0):
 garbage-first heap   total 81920K, used 62667K [0x0000000080000000, 0x0000000100000000)
  region size 1024K, 32 young (32768K), 4 survivors (4096K)
 Metaspace       used 53642K, committed 54080K, reserved 1097728K
  class space    used 7134K, committed 7360K, reserved 1048576K
}
Event: 32.679 GC heap after
{Heap after GC invocations=17 (full 0):
 garbage-first heap   total 81920K, used 39434K [0x0000000080000000, 0x0000000100000000)
  region size 1024K, 4 young (4096K), 4 survivors (4096K)
 Metaspace       used 53642K, committed 54080K, reserved 1097728K
  class space    used 7134K, committed 7360K, reserved 1048576K
}
Event: 33.251 GC heap before
{Heap before GC invocations=17 (full 0):
 garbage-first heap   total 81920K, used 43530K [0x0000000080000000, 0x0000000100000000)
  region size 1024K, 9 young (9216K), 4 survivors (4096K)
 Metaspace       used 53692K, committed 54144K, reserved 1097728K
  class space    used 7135K, committed 7360K, reserved 1048576K
}
Event: 33.261 GC heap after
{Heap after GC invocations=18 (full 0):
 garbage-first heap   total 81920K, used 40426K [0x0000000080000000, 0x0000000100000000)
  region size 1024K, 1 young (1024K), 1 survivors (1024K)
 Metaspace       used 53692K, committed 54144K, reserved 1097728K
  class space    used 7135K, committed 7360K, reserved 1048576K
}
Event: 36.014 GC heap before
{Heap before GC invocations=19 (full 0):
 garbage-first heap   total 81920K, used 73194K [0x0000000080000000, 0x0000000100000000)
  region size 1024K, 24 young (24576K), 1 survivors (1024K)
 Metaspace       used 55682K, committed 56192K, reserved 1097728K
  class space    used 7414K, committed 7616K, reserved 1048576K
}
Event: 36.025 GC heap after
{Heap after GC invocations=20 (full 0):
 garbage-first heap   total 82944K, used 56179K [0x0000000080000000, 0x0000000100000000)
  region size 1024K, 3 young (3072K), 3 survivors (3072K)
 Metaspace       used 55682K, committed 56192K, reserved 1097728K
  class space    used 7414K, committed 7616K, reserved 1048576K
}
Event: 36.112 GC heap before
{Heap before GC invocations=20 (full 0):
 garbage-first heap   total 82944K, used 57203K [0x0000000080000000, 0x0000000100000000)
  region size 1024K, 4 young (4096K), 3 survivors (3072K)
 Metaspace       used 55830K, committed 56320K, reserved 1097728K
  class space    used 7427K, committed 7616K, reserved 1048576K
}
Event: 36.118 GC heap after
{Heap after GC invocations=21 (full 0):
 garbage-first heap   total 82944K, used 56509K [0x0000000080000000, 0x0000000100000000)
  region size 1024K, 1 young (1024K), 1 survivors (1024K)
 Metaspace       used 55830K, committed 56320K, reserved 1097728K
  class space    used 7427K, committed 7616K, reserved 1048576K
}
Event: 36.946 GC heap before
{Heap before GC invocations=21 (full 0):
 garbage-first heap   total 82944K, used 68797K [0x0000000080000000, 0x0000000100000000)
  region size 1024K, 13 young (13312K), 1 survivors (1024K)
 Metaspace       used 57722K, committed 58240K, reserved 1105920K
  class space    used 7667K, committed 7872K, reserved 1048576K
}
Event: 36.950 GC heap after
{Heap after GC invocations=22 (full 0):
 garbage-first heap   total 82944K, used 56912K [0x0000000080000000, 0x0000000100000000)
  region size 1024K, 1 young (1024K), 1 survivors (1024K)
 Metaspace       used 57722K, committed 58240K, reserved 1105920K
  class space    used 7667K, committed 7872K, reserved 1048576K
}

