# JRE version: OpenJDK Runtime Environment (17.0.6) (build 17.0.6+0-b2043.56-10027231)
# Java VM: OpenJDK 64-Bit Server VM (17.0.6+0-b2043.56-10027231, mixed mode, tiered, compressed oops, compressed class ptrs, g1 gc, windows-amd64)
GC Precious Log:
 CPUs: 2 total, 2 available
 Memory: 6020M
 Large Page Support: Disabled
 NUMA Support: Disabled
 Compressed Oops: Enabled (32-bit)
 Heap Region Size: 1M
 Heap Min Capacity: 8M
 Heap Initial Capacity: 96M
 Heap Max Capacity: 2G
 Pre-touch: Disabled
 Parallel Workers: 2
 Concurrent Workers: 1
 Concurrent Refinement Workers: 2
 Periodic GC: Disabled
Heap:
 garbage-first heap   total 217088K, used 143753K [0x0000000080000000, 0x0000000100000000)
  region size 1024K, 2 young (2048K), 2 survivors (2048K)
 Metaspace       used 97832K, committed 98496K, reserved 1138688K
  class space    used 13267K, committed 13568K, reserved 1048576K
GC Heap History (20 events):
Event: 40.128 GC heap after
{Heap after GC invocations=45 (full 0):
 garbage-first heap   total 163840K, used 105165K [0x0000000080000000, 0x0000000100000000)
  region size 1024K, 4 young (4096K), 4 survivors (4096K)
 Metaspace       used 71953K, committed 72704K, reserved 1114112K
  class space    used 10008K, committed 10368K, reserved 1048576K
}
Event: 40.389 GC heap before
{Heap before GC invocations=45 (full 0):
 garbage-first heap   total 163840K, used 108237K [0x0000000080000000, 0x0000000100000000)
  region size 1024K, 8 young (8192K), 4 survivors (4096K)
 Metaspace       used 72331K, committed 73024K, reserved 1114112K
  class space    used 10087K, committed 10432K, reserved 1048576K
}
Event: 40.401 GC heap after
{Heap after GC invocations=46 (full 0):
 garbage-first heap   total 163840K, used 105087K [0x0000000080000000, 0x0000000100000000)
  region size 1024K, 1 young (1024K), 1 survivors (1024K)
 Metaspace       used 72331K, committed 73024K, reserved 1114112K
  class space    used 10087K, committed 10432K, reserved 1048576K
}
Event: 41.288 GC heap before
{Heap before GC invocations=46 (full 0):
 garbage-first heap   total 163840K, used 129663K [0x0000000080000000, 0x0000000100000000)
  region size 1024K, 26 young (26624K), 1 survivors (1024K)
 Metaspace       used 74720K, committed 75456K, reserved 1114112K
  class space    used 10376K, committed 10752K, reserved 1048576K
}
Event: 41.296 GC heap after
{Heap after GC invocations=47 (full 0):
 garbage-first heap   total 217088K, used 106592K [0x0000000080000000, 0x0000000100000000)
  region size 1024K, 3 young (3072K), 3 survivors (3072K)
 Metaspace       used 74720K, committed 75456K, reserved 1114112K
  class space    used 10376K, committed 10752K, reserved 1048576K
}
Event: 45.003 GC heap before
{Heap before GC invocations=48 (full 0):
 garbage-first heap   total 217088K, used 159840K [0x0000000080000000, 0x0000000100000000)
  region size 1024K, 59 young (60416K), 3 survivors (3072K)
 Metaspace       used 81545K, committed 82240K, reserved 1122304K
  class space    used 11261K, committed 11584K, reserved 1048576K
}
Event: 45.019 GC heap after
{Heap after GC invocations=49 (full 0):
 garbage-first heap   total 217088K, used 106184K [0x0000000080000000, 0x0000000100000000)
  region size 1024K, 6 young (6144K), 6 survivors (6144K)
 Metaspace       used 81545K, committed 82240K, reserved 1122304K
  class space    used 11261K, committed 11584K, reserved 1048576K
}
Event: 45.149 GC heap before
{Heap before GC invocations=49 (full 0):
 garbage-first heap   total 217088K, used 110280K [0x0000000080000000, 0x0000000100000000)
  region size 1024K, 10 young (10240K), 6 survivors (6144K)
 Metaspace       used 82098K, committed 82752K, reserved 1122304K
  class space    used 11347K, committed 11648K, reserved 1048576K
}
Event: 45.161 GC heap after
{Heap after GC invocations=50 (full 0):
 garbage-first heap   total 217088K, used 105112K [0x0000000080000000, 0x0000000100000000)
  region size 1024K, 1 young (1024K), 1 survivors (1024K)
 Metaspace       used 82098K, committed 82752K, reserved 1122304K
  class space    used 11347K, committed 11648K, reserved 1048576K
}
Event: 47.824 GC heap before
{Heap before GC invocations=50 (full 0):
 garbage-first heap   total 217088K, used 173720K [0x0000000080000000, 0x0000000100000000)
  region size 1024K, 64 young (65536K), 1 survivors (1024K)
 Metaspace       used 88623K, committed 89280K, reserved 1130496K
  class space    used 12141K, committed 12480K, reserved 1048576K
}
Event: 47.836 GC heap after
{Heap after GC invocations=51 (full 0):
 garbage-first heap   total 217088K, used 113390K [0x0000000080000000, 0x0000000100000000)
  region size 1024K, 5 young (5120K), 5 survivors (5120K)
 Metaspace       used 88623K, committed 89280K, reserved 1130496K
  class space    used 12141K, committed 12480K, reserved 1048576K
}
Event: 48.956 GC heap before
{Heap before GC invocations=51 (full 0):
 garbage-first heap   total 217088K, used 140014K [0x0000000080000000, 0x0000000100000000)
  region size 1024K, 32 young (32768K), 5 survivors (5120K)
 Metaspace       used 93336K, committed 94016K, reserved 1130496K
  class space    used 12757K, committed 13056K, reserved 1048576K
}
Event: 48.967 GC heap after
{Heap after GC invocations=52 (full 0):
 garbage-first heap   total 217088K, used 114293K [0x0000000080000000, 0x0000000100000000)
  region size 1024K, 1 young (1024K), 1 survivors (1024K)
 Metaspace       used 93336K, committed 94016K, reserved 1130496K
  class space    used 12757K, committed 13056K, reserved 1048576K
}
Event: 50.041 GC heap before
{Heap before GC invocations=53 (full 0):
 garbage-first heap   total 217088K, used 179829K [0x0000000080000000, 0x0000000100000000)
  region size 1024K, 60 young (61440K), 1 survivors (1024K)
 Metaspace       used 93479K, committed 94208K, reserved 1130496K
  class space    used 12766K, committed 13120K, reserved 1048576K
}
Event: 50.078 GC heap after
{Heap after GC invocations=54 (full 0):
 garbage-first heap   total 217088K, used 132454K [0x0000000080000000, 0x0000000100000000)
  region size 1024K, 8 young (8192K), 8 survivors (8192K)
 Metaspace       used 93479K, committed 94208K, reserved 1130496K
  class space    used 12766K, committed 13120K, reserved 1048576K
}
Event: 50.115 GC heap before
{Heap before GC invocations=54 (full 0):
 garbage-first heap   total 217088K, used 134502K [0x0000000080000000, 0x0000000100000000)
  region size 1024K, 10 young (10240K), 8 survivors (8192K)
 Metaspace       used 93479K, committed 94208K, reserved 1130496K
  class space    used 12766K, committed 13120K, reserved 1048576K
}
Event: 50.132 GC heap after
{Heap after GC invocations=55 (full 0):
 garbage-first heap   total 217088K, used 133107K [0x0000000080000000, 0x0000000100000000)
  region size 1024K, 2 young (2048K), 2 survivors (2048K)
 Metaspace       used 93479K, committed 94208K, reserved 1130496K
  class space    used 12766K, committed 13120K, reserved 1048576K
}
Event: 51.217 GC heap before
{Heap before GC invocations=55 (full 0):
 garbage-first heap   total 217088K, used 173043K [0x0000000080000000, 0x0000000100000000)
  region size 1024K, 41 young (41984K), 2 survivors (2048K)
 Metaspace       used 95228K, committed 95936K, reserved 1138688K
  class space    used 12980K, committed 13312K, reserved 1048576K
}
Event: 51.237 GC heap after
{Heap after GC invocations=56 (full 0):
 garbage-first heap   total 217088K, used 141299K [0x0000000080000000, 0x0000000100000000)
  region size 1024K, 6 young (6144K), 6 survivors (6144K)
 Metaspace       used 95228K, committed 95936K, reserved 1138688K
  class space    used 12980K, committed 13312K, reserved 1048576K
}
Event: 52.178 GC heap before
{Heap before GC invocations=56 (full 0):
 garbage-first heap   total 217088K, used 159731K [0x0000000080000000, 0x0000000100000000)
  region size 1024K, 25 young (25600K), 6 survivors (6144K)
 Metaspace       used 97832K, committed 98496K, reserved 1138688K
  class space    used 13267K, committed 13568K, reserved 1048576K
}

