# JRE version: OpenJDK Runtime Environment (17.0.6) (build 17.0.6+0-b2043.56-10027231)
# Java VM: OpenJDK 64-Bit Server VM (17.0.6+0-b2043.56-10027231, mixed mode, tiered, compressed oops, compressed class ptrs, g1 gc, windows-amd64)
GC Precious Log:
 CPUs: 2 total, 2 available
 Memory: 6020M
 Large Page Support: Disabled
 NUMA Support: Disabled
 Compressed Oops: Enabled (32-bit)
 Heap Region Size: 1M
 Heap Min Capacity: 8M
 Heap Initial Capacity: 96M
 Heap Max Capacity: 2G
 Pre-touch: Disabled
 Parallel Workers: 2
 Concurrent Workers: 1
 Concurrent Refinement Workers: 2
 Periodic GC: Disabled
Heap:
 garbage-first heap   total 308224K, used 197066K [0x0000000080000000, 0x0000000100000000)
  region size 1024K, 2 young (2048K), 2 survivors (2048K)
 Metaspace       used 108638K, committed 109376K, reserved 1146880K
  class space    used 14634K, committed 14976K, reserved 1048576K
GC Heap History (20 events):
Event: 51.058 GC heap after
{Heap after GC invocations=54 (full 0):
 garbage-first heap   total 256000K, used 92948K [0x0000000080000000, 0x0000000100000000)
  region size 1024K, 1 young (1024K), 1 survivors (1024K)
 Metaspace       used 97985K, committed 98688K, reserved 1138688K
  class space    used 13175K, committed 13504K, reserved 1048576K
}
Event: 56.920 GC heap before
{Heap before GC invocations=54 (full 0):
 garbage-first heap   total 256000K, used 187156K [0x0000000080000000, 0x0000000100000000)
  region size 1024K, 94 young (96256K), 1 survivors (1024K)
 Metaspace       used 98719K, committed 99456K, reserved 1138688K
  class space    used 13222K, committed 13568K, reserved 1048576K
}
Event: 56.941 GC heap after
{Heap after GC invocations=55 (full 0):
 garbage-first heap   total 256000K, used 100481K [0x0000000080000000, 0x0000000100000000)
  region size 1024K, 9 young (9216K), 9 survivors (9216K)
 Metaspace       used 98719K, committed 99456K, reserved 1138688K
  class space    used 13222K, committed 13568K, reserved 1048576K
}
Event: 61.104 GC heap before
{Heap before GC invocations=55 (full 0):
 garbage-first heap   total 256000K, used 193665K [0x0000000080000000, 0x0000000100000000)
  region size 1024K, 101 young (103424K), 9 survivors (9216K)
 Metaspace       used 99408K, committed 100096K, reserved 1138688K
  class space    used 13301K, committed 13632K, reserved 1048576K
}
Event: 61.143 GC heap after
{Heap after GC invocations=56 (full 0):
 garbage-first heap   total 256000K, used 106641K [0x0000000080000000, 0x0000000100000000)
  region size 1024K, 9 young (9216K), 9 survivors (9216K)
 Metaspace       used 99408K, committed 100096K, reserved 1138688K
  class space    used 13301K, committed 13632K, reserved 1048576K
}
Event: 67.936 GC heap before
{Heap before GC invocations=57 (full 0):
 garbage-first heap   total 256000K, used 198801K [0x0000000080000000, 0x0000000100000000)
  region size 1024K, 100 young (102400K), 9 survivors (9216K)
 Metaspace       used 104026K, committed 104768K, reserved 1146880K
  class space    used 13930K, committed 14272K, reserved 1048576K
}
Event: 67.968 GC heap after
{Heap after GC invocations=58 (full 0):
 garbage-first heap   total 256000K, used 114122K [0x0000000080000000, 0x0000000100000000)
  region size 1024K, 9 young (9216K), 9 survivors (9216K)
 Metaspace       used 104026K, committed 104768K, reserved 1146880K
  class space    used 13930K, committed 14272K, reserved 1048576K
}
Event: 68.304 GC heap before
{Heap before GC invocations=58 (full 0):
 garbage-first heap   total 256000K, used 117194K [0x0000000080000000, 0x0000000100000000)
  region size 1024K, 12 young (12288K), 9 survivors (9216K)
 Metaspace       used 104026K, committed 104768K, reserved 1146880K
  class space    used 13930K, committed 14272K, reserved 1048576K
}
Event: 68.328 GC heap after
{Heap after GC invocations=59 (full 0):
 garbage-first heap   total 256000K, used 113098K [0x0000000080000000, 0x0000000100000000)
  region size 1024K, 1 young (1024K), 1 survivors (1024K)
 Metaspace       used 104026K, committed 104768K, reserved 1146880K
  class space    used 13930K, committed 14272K, reserved 1048576K
}
Event: 71.425 GC heap before
{Heap before GC invocations=59 (full 0):
 garbage-first heap   total 256000K, used 130506K [0x0000000080000000, 0x0000000100000000)
  region size 1024K, 19 young (19456K), 1 survivors (1024K)
 Metaspace       used 104359K, committed 105152K, reserved 1146880K
  class space    used 13972K, committed 14336K, reserved 1048576K
}
Event: 71.433 GC heap after
{Heap after GC invocations=60 (full 0):
 garbage-first heap   total 256000K, used 114590K [0x0000000080000000, 0x0000000100000000)
  region size 1024K, 3 young (3072K), 3 survivors (3072K)
 Metaspace       used 104359K, committed 105152K, reserved 1146880K
  class space    used 13972K, committed 14336K, reserved 1048576K
}
Event: 84.400 GC heap before
{Heap before GC invocations=61 (full 0):
 garbage-first heap   total 256000K, used 240542K [0x0000000080000000, 0x0000000100000000)
  region size 1024K, 70 young (71680K), 3 survivors (3072K)
 Metaspace       used 107830K, committed 108608K, reserved 1146880K
  class space    used 14465K, committed 14848K, reserved 1048576K
}
Event: 84.458 GC heap after
{Heap after GC invocations=62 (full 0):
 garbage-first heap   total 272384K, used 173661K [0x0000000080000000, 0x0000000100000000)
  region size 1024K, 12 young (12288K), 12 survivors (12288K)
 Metaspace       used 107830K, committed 108608K, reserved 1146880K
  class space    used 14465K, committed 14848K, reserved 1048576K
}
Event: 84.471 GC heap before
{Heap before GC invocations=62 (full 0):
 garbage-first heap   total 272384K, used 174685K [0x0000000080000000, 0x0000000100000000)
  region size 1024K, 13 young (13312K), 12 survivors (12288K)
 Metaspace       used 107830K, committed 108608K, reserved 1146880K
  class space    used 14465K, committed 14848K, reserved 1048576K
}
Event: 84.510 GC heap after
{Heap after GC invocations=63 (full 0):
 garbage-first heap   total 272384K, used 173935K [0x0000000080000000, 0x0000000100000000)
  region size 1024K, 1 young (1024K), 1 survivors (1024K)
 Metaspace       used 107830K, committed 108608K, reserved 1146880K
  class space    used 14465K, committed 14848K, reserved 1048576K
}
Event: 84.624 GC heap before
{Heap before GC invocations=63 (full 0):
 garbage-first heap   total 272384K, used 174959K [0x0000000080000000, 0x0000000100000000)
  region size 1024K, 3 young (3072K), 1 survivors (1024K)
 Metaspace       used 107830K, committed 108608K, reserved 1146880K
  class space    used 14465K, committed 14848K, reserved 1048576K
}
Event: 84.632 GC heap after
{Heap after GC invocations=64 (full 0):
 garbage-first heap   total 272384K, used 174435K [0x0000000080000000, 0x0000000100000000)
  region size 1024K, 2 young (2048K), 2 survivors (2048K)
 Metaspace       used 107830K, committed 108608K, reserved 1146880K
  class space    used 14465K, committed 14848K, reserved 1048576K
}
Event: 85.843 GC heap before
{Heap before GC invocations=65 (full 0):
 garbage-first heap   total 304128K, used 211299K [0x0000000080000000, 0x0000000100000000)
  region size 1024K, 37 young (37888K), 2 survivors (2048K)
 Metaspace       used 107832K, committed 108608K, reserved 1146880K
  class space    used 14465K, committed 14848K, reserved 1048576K
}
Event: 85.891 GC heap after
{Heap after GC invocations=66 (full 0):
 garbage-first heap   total 304128K, used 190168K [0x0000000080000000, 0x0000000100000000)
  region size 1024K, 5 young (5120K), 5 survivors (5120K)
 Metaspace       used 107832K, committed 108608K, reserved 1146880K
  class space    used 14465K, committed 14848K, reserved 1048576K
}
Event: 86.942 GC heap before
{Heap before GC invocations=66 (full 0):
 garbage-first heap   total 304128K, used 202456K [0x0000000080000000, 0x0000000100000000)
  region size 1024K, 14 young (14336K), 5 survivors (5120K)
 Metaspace       used 108638K, committed 109376K, reserved 1146880K
  class space    used 14634K, committed 14976K, reserved 1048576K
}

