# JRE version: OpenJDK Runtime Environment (17.0.6) (build 17.0.6+0-b2043.56-10027231)
# Java VM: OpenJDK 64-Bit Server VM (17.0.6+0-b2043.56-10027231, mixed mode, tiered, compressed oops, compressed class ptrs, g1 gc, windows-amd64)
GC Precious Log:
 CPUs: 2 total, 2 available
 Memory: 6020M
 Large Page Support: Disabled
 NUMA Support: Disabled
 Compressed Oops: Enabled (32-bit)
 Heap Region Size: 1M
 Heap Min Capacity: 8M
 Heap Initial Capacity: 96M
 Heap Max Capacity: 2G
 Pre-touch: Disabled
 Parallel Workers: 2
 Concurrent Workers: 1
 Concurrent Refinement Workers: 2
 Periodic GC: Disabled
Heap:
 garbage-first heap   total 246784K, used 179109K [0x0000000080000000, 0x0000000100000000)
  region size 1024K, 47 young (48128K), 1 survivors (1024K)
 Metaspace       used 91982K, committed 92672K, reserved 1130496K
  class space    used 12357K, committed 12672K, reserved 1048576K
GC Heap History (20 events):
Event: 26.927 GC heap before
{Heap before GC invocations=33 (full 0):
 garbage-first heap   total 164864K, used 98252K [0x0000000080000000, 0x0000000100000000)
  region size 1024K, 8 young (8192K), 4 survivors (4096K)
 Metaspace       used 59178K, committed 59840K, reserved 1105920K
  class space    used 7945K, committed 8256K, reserved 1048576K
}
Event: 26.936 GC heap after
{Heap after GC invocations=34 (full 0):
 garbage-first heap   total 164864K, used 93445K [0x0000000080000000, 0x0000000100000000)
  region size 1024K, 1 young (1024K), 1 survivors (1024K)
 Metaspace       used 59178K, committed 59840K, reserved 1105920K
  class space    used 7945K, committed 8256K, reserved 1048576K
}
Event: 28.576 GC heap before
{Heap before GC invocations=34 (full 0):
 garbage-first heap   total 164864K, used 124165K [0x0000000080000000, 0x0000000100000000)
  region size 1024K, 31 young (31744K), 1 survivors (1024K)
 Metaspace       used 64218K, committed 64832K, reserved 1105920K
  class space    used 8510K, committed 8768K, reserved 1048576K
}
Event: 28.587 GC heap after
{Heap after GC invocations=35 (full 0):
 garbage-first heap   total 164864K, used 94692K [0x0000000080000000, 0x0000000100000000)
  region size 1024K, 2 young (2048K), 2 survivors (2048K)
 Metaspace       used 64218K, committed 64832K, reserved 1105920K
  class space    used 8510K, committed 8768K, reserved 1048576K
}
Event: 29.780 GC heap before
{Heap before GC invocations=36 (full 0):
 garbage-first heap   total 164864K, used 132580K [0x0000000080000000, 0x0000000100000000)
  region size 1024K, 33 young (33792K), 2 survivors (2048K)
 Metaspace       used 68181K, committed 68800K, reserved 1114112K
  class space    used 9045K, committed 9344K, reserved 1048576K
}
Event: 29.800 GC heap after
{Heap after GC invocations=37 (full 0):
 garbage-first heap   total 164864K, used 98357K [0x0000000080000000, 0x0000000100000000)
  region size 1024K, 5 young (5120K), 5 survivors (5120K)
 Metaspace       used 68181K, committed 68800K, reserved 1114112K
  class space    used 9045K, committed 9344K, reserved 1048576K
}
Event: 30.029 GC heap before
{Heap before GC invocations=37 (full 0):
 garbage-first heap   total 164864K, used 101429K [0x0000000080000000, 0x0000000100000000)
  region size 1024K, 8 young (8192K), 5 survivors (5120K)
 Metaspace       used 68560K, committed 69184K, reserved 1114112K
  class space    used 9104K, committed 9408K, reserved 1048576K
}
Event: 30.038 GC heap after
{Heap after GC invocations=38 (full 0):
 garbage-first heap   total 164864K, used 98732K [0x0000000080000000, 0x0000000100000000)
  region size 1024K, 1 young (1024K), 1 survivors (1024K)
 Metaspace       used 68560K, committed 69184K, reserved 1114112K
  class space    used 9104K, committed 9408K, reserved 1048576K
}
Event: 31.104 GC heap before
{Heap before GC invocations=38 (full 0):
 garbage-first heap   total 164864K, used 129452K [0x0000000080000000, 0x0000000100000000)
  region size 1024K, 31 young (31744K), 1 survivors (1024K)
 Metaspace       used 71493K, committed 72192K, reserved 1114112K
  class space    used 9456K, committed 9792K, reserved 1048576K
}
Event: 31.110 GC heap after
{Heap after GC invocations=39 (full 0):
 garbage-first heap   total 164864K, used 99962K [0x0000000080000000, 0x0000000100000000)
  region size 1024K, 2 young (2048K), 2 survivors (2048K)
 Metaspace       used 71493K, committed 72192K, reserved 1114112K
  class space    used 9456K, committed 9792K, reserved 1048576K
}
Event: 32.471 GC heap before
{Heap before GC invocations=40 (full 0):
 garbage-first heap   total 171008K, used 131706K [0x0000000080000000, 0x0000000100000000)
  region size 1024K, 33 young (33792K), 2 survivors (2048K)
 Metaspace       used 74798K, committed 75520K, reserved 1122304K
  class space    used 9903K, committed 10240K, reserved 1048576K
}
Event: 32.481 GC heap after
{Heap after GC invocations=41 (full 0):
 garbage-first heap   total 171008K, used 102185K [0x0000000080000000, 0x0000000100000000)
  region size 1024K, 5 young (5120K), 5 survivors (5120K)
 Metaspace       used 74798K, committed 75520K, reserved 1122304K
  class space    used 9903K, committed 10240K, reserved 1048576K
}
Event: 32.618 GC heap before
{Heap before GC invocations=41 (full 0):
 garbage-first heap   total 171008K, used 104233K [0x0000000080000000, 0x0000000100000000)
  region size 1024K, 8 young (8192K), 5 survivors (5120K)
 Metaspace       used 75237K, committed 75904K, reserved 1122304K
  class space    used 9966K, committed 10304K, reserved 1048576K
}
Event: 32.634 GC heap after
{Heap after GC invocations=42 (full 0):
 garbage-first heap   total 171008K, used 102191K [0x0000000080000000, 0x0000000100000000)
  region size 1024K, 1 young (1024K), 1 survivors (1024K)
 Metaspace       used 75237K, committed 75904K, reserved 1122304K
  class space    used 9966K, committed 10304K, reserved 1048576K
}
Event: 34.012 GC heap before
{Heap before GC invocations=42 (full 0):
 garbage-first heap   total 171008K, used 137007K [0x0000000080000000, 0x0000000100000000)
  region size 1024K, 35 young (35840K), 1 survivors (1024K)
 Metaspace       used 79288K, committed 79936K, reserved 1122304K
  class space    used 10496K, committed 10816K, reserved 1048576K
}
Event: 34.033 GC heap after
{Heap after GC invocations=43 (full 0):
 garbage-first heap   total 246784K, used 105210K [0x0000000080000000, 0x0000000100000000)
  region size 1024K, 4 young (4096K), 4 survivors (4096K)
 Metaspace       used 79288K, committed 79936K, reserved 1122304K
  class space    used 10496K, committed 10816K, reserved 1048576K
}
Event: 38.135 GC heap before
{Heap before GC invocations=44 (full 0):
 garbage-first heap   total 246784K, used 185082K [0x0000000080000000, 0x0000000100000000)
  region size 1024K, 82 young (83968K), 4 survivors (4096K)
 Metaspace       used 86717K, committed 87360K, reserved 1130496K
  class space    used 11711K, committed 12032K, reserved 1048576K
}
Event: 38.155 GC heap after
{Heap after GC invocations=45 (full 0):
 garbage-first heap   total 246784K, used 110258K [0x0000000080000000, 0x0000000100000000)
  region size 1024K, 9 young (9216K), 9 survivors (9216K)
 Metaspace       used 86717K, committed 87360K, reserved 1130496K
  class space    used 11711K, committed 12032K, reserved 1048576K
}
Event: 38.343 GC heap before
{Heap before GC invocations=45 (full 0):
 garbage-first heap   total 246784K, used 113330K [0x0000000080000000, 0x0000000100000000)
  region size 1024K, 12 young (12288K), 9 survivors (9216K)
 Metaspace       used 87016K, committed 87808K, reserved 1130496K
  class space    used 11748K, committed 12096K, reserved 1048576K
}
Event: 38.368 GC heap after
{Heap after GC invocations=46 (full 0):
 garbage-first heap   total 246784K, used 110501K [0x0000000080000000, 0x0000000100000000)
  region size 1024K, 1 young (1024K), 1 survivors (1024K)
 Metaspace       used 87016K, committed 87808K, reserved 1130496K
  class space    used 11748K, committed 12096K, reserved 1048576K
}

