# JRE version: OpenJDK Runtime Environment (17.0.6) (build 17.0.6+0-b2043.56-10027231)
# Java VM: OpenJDK 64-Bit Server VM (17.0.6+0-b2043.56-10027231, mixed mode, tiered, compressed oops, compressed class ptrs, g1 gc, windows-amd64)
GC Precious Log:
 CPUs: 2 total, 2 available
 Memory: 6020M
 Large Page Support: Disabled
 NUMA Support: Disabled
 Compressed Oops: Enabled (32-bit)
 Heap Region Size: 1M
 Heap Min Capacity: 8M
 Heap Initial Capacity: 96M
 Heap Max Capacity: 2G
 Pre-touch: Disabled
 Parallel Workers: 2
 Concurrent Workers: 1
 Concurrent Refinement Workers: 2
 Periodic GC: Disabled
Heap:
 garbage-first heap   total 263168K, used 179789K [0x0000000080000000, 0x0000000100000000)
  region size 1024K, 51 young (52224K), 5 survivors (5120K)
 Metaspace       used 121924K, committed 122752K, reserved 1155072K
  class space    used 16319K, committed 16768K, reserved 1048576K
GC Heap History (20 events):
Event: 140.029 GC heap before
{Heap before GC invocations=53 (full 0):
 garbage-first heap   total 263168K, used 221363K [0x0000000080000000, 0x0000000100000000)
  region size 1024K, 97 young (99328K), 8 survivors (8192K)
 Metaspace       used 121077K, committed 121920K, reserved 1155072K
  class space    used 16216K, committed 16640K, reserved 1048576K
}
Event: 140.053 GC heap after
{Heap after GC invocations=54 (full 0):
 garbage-first heap   total 263168K, used 130477K [0x0000000080000000, 0x0000000100000000)
  region size 1024K, 4 young (4096K), 4 survivors (4096K)
 Metaspace       used 121077K, committed 121920K, reserved 1155072K
  class space    used 16216K, committed 16640K, reserved 1048576K
}
Event: 146.691 GC heap before
{Heap before GC invocations=54 (full 0):
 garbage-first heap   total 263168K, used 223661K [0x0000000080000000, 0x0000000100000000)
  region size 1024K, 95 young (97280K), 4 survivors (4096K)
 Metaspace       used 121097K, committed 121984K, reserved 1155072K
  class space    used 16216K, committed 16640K, reserved 1048576K
}
Event: 146.799 GC heap after
{Heap after GC invocations=55 (full 0):
 garbage-first heap   total 263168K, used 129453K [0x0000000080000000, 0x0000000100000000)
  region size 1024K, 3 young (3072K), 3 survivors (3072K)
 Metaspace       used 121097K, committed 121984K, reserved 1155072K
  class space    used 16216K, committed 16640K, reserved 1048576K
}
Event: 151.462 GC heap before
{Heap before GC invocations=55 (full 0):
 garbage-first heap   total 263168K, used 225709K [0x0000000080000000, 0x0000000100000000)
  region size 1024K, 97 young (99328K), 3 survivors (3072K)
 Metaspace       used 121121K, committed 121984K, reserved 1155072K
  class space    used 16216K, committed 16640K, reserved 1048576K
}
Event: 151.473 GC heap after
{Heap after GC invocations=56 (full 0):
 garbage-first heap   total 263168K, used 130131K [0x0000000080000000, 0x0000000100000000)
  region size 1024K, 4 young (4096K), 4 survivors (4096K)
 Metaspace       used 121121K, committed 121984K, reserved 1155072K
  class space    used 16216K, committed 16640K, reserved 1048576K
}
Event: 154.768 GC heap before
{Heap before GC invocations=56 (full 0):
 garbage-first heap   total 263168K, used 226387K [0x0000000080000000, 0x0000000100000000)
  region size 1024K, 98 young (100352K), 4 survivors (4096K)
 Metaspace       used 121268K, committed 122112K, reserved 1155072K
  class space    used 16246K, committed 16640K, reserved 1048576K
}
Event: 154.780 GC heap after
{Heap after GC invocations=57 (full 0):
 garbage-first heap   total 263168K, used 130136K [0x0000000080000000, 0x0000000100000000)
  region size 1024K, 4 young (4096K), 4 survivors (4096K)
 Metaspace       used 121268K, committed 122112K, reserved 1155072K
  class space    used 16246K, committed 16640K, reserved 1048576K
}
Event: 167.231 GC heap before
{Heap before GC invocations=57 (full 0):
 garbage-first heap   total 263168K, used 228440K [0x0000000080000000, 0x0000000100000000)
  region size 1024K, 100 young (102400K), 4 survivors (4096K)
 Metaspace       used 121747K, committed 122560K, reserved 1155072K
  class space    used 16313K, committed 16704K, reserved 1048576K
}
Event: 167.245 GC heap after
{Heap after GC invocations=58 (full 0):
 garbage-first heap   total 263168K, used 131165K [0x0000000080000000, 0x0000000100000000)
  region size 1024K, 5 young (5120K), 5 survivors (5120K)
 Metaspace       used 121747K, committed 122560K, reserved 1155072K
  class space    used 16313K, committed 16704K, reserved 1048576K
}
Event: 170.490 GC heap before
{Heap before GC invocations=58 (full 0):
 garbage-first heap   total 263168K, used 228445K [0x0000000080000000, 0x0000000100000000)
  region size 1024K, 100 young (102400K), 5 survivors (5120K)
 Metaspace       used 121812K, committed 122688K, reserved 1155072K
  class space    used 16318K, committed 16768K, reserved 1048576K
}
Event: 170.505 GC heap after
{Heap after GC invocations=59 (full 0):
 garbage-first heap   total 263168K, used 131918K [0x0000000080000000, 0x0000000100000000)
  region size 1024K, 6 young (6144K), 6 survivors (6144K)
 Metaspace       used 121812K, committed 122688K, reserved 1155072K
  class space    used 16318K, committed 16768K, reserved 1048576K
}
Event: 174.453 GC heap before
{Heap before GC invocations=59 (full 0):
 garbage-first heap   total 263168K, used 228174K [0x0000000080000000, 0x0000000100000000)
  region size 1024K, 100 young (102400K), 6 survivors (6144K)
 Metaspace       used 121854K, committed 122752K, reserved 1155072K
  class space    used 16318K, committed 16768K, reserved 1048576K
}
Event: 174.466 GC heap after
{Heap after GC invocations=60 (full 0):
 garbage-first heap   total 263168K, used 132477K [0x0000000080000000, 0x0000000100000000)
  region size 1024K, 6 young (6144K), 6 survivors (6144K)
 Metaspace       used 121854K, committed 122752K, reserved 1155072K
  class space    used 16318K, committed 16768K, reserved 1048576K
}
Event: 180.807 GC heap before
{Heap before GC invocations=60 (full 0):
 garbage-first heap   total 263168K, used 228733K [0x0000000080000000, 0x0000000100000000)
  region size 1024K, 100 young (102400K), 6 survivors (6144K)
 Metaspace       used 121881K, committed 122752K, reserved 1155072K
  class space    used 16318K, committed 16768K, reserved 1048576K
}
Event: 180.825 GC heap after
{Heap after GC invocations=61 (full 0):
 garbage-first heap   total 263168K, used 135085K [0x0000000080000000, 0x0000000100000000)
  region size 1024K, 9 young (9216K), 9 survivors (9216K)
 Metaspace       used 121881K, committed 122752K, reserved 1155072K
  class space    used 16318K, committed 16768K, reserved 1048576K
}
Event: 184.199 GC heap before
{Heap before GC invocations=61 (full 0):
 garbage-first heap   total 263168K, used 226221K [0x0000000080000000, 0x0000000100000000)
  region size 1024K, 98 young (100352K), 9 survivors (9216K)
 Metaspace       used 121909K, committed 122752K, reserved 1155072K
  class space    used 16319K, committed 16768K, reserved 1048576K
}
Event: 184.219 GC heap after
{Heap after GC invocations=62 (full 0):
 garbage-first heap   total 263168K, used 134221K [0x0000000080000000, 0x0000000100000000)
  region size 1024K, 6 young (6144K), 6 survivors (6144K)
 Metaspace       used 121909K, committed 122752K, reserved 1155072K
  class space    used 16319K, committed 16768K, reserved 1048576K
}
Event: 195.844 GC heap before
{Heap before GC invocations=62 (full 0):
 garbage-first heap   total 263168K, used 227405K [0x0000000080000000, 0x0000000100000000)
  region size 1024K, 97 young (99328K), 6 survivors (6144K)
 Metaspace       used 121920K, committed 122752K, reserved 1155072K
  class space    used 16319K, committed 16768K, reserved 1048576K
}
Event: 195.861 GC heap after
{Heap after GC invocations=63 (full 0):
 garbage-first heap   total 263168K, used 133709K [0x0000000080000000, 0x0000000100000000)
  region size 1024K, 5 young (5120K), 5 survivors (5120K)
 Metaspace       used 121920K, committed 122752K, reserved 1155072K
  class space    used 16319K, committed 16768K, reserved 1048576K
}

