# JRE version: OpenJDK Runtime Environment (17.0.6) (build 17.0.6+0-b2043.56-10027231)
# Java VM: OpenJDK 64-Bit Server VM (17.0.6+0-b2043.56-10027231, mixed mode, tiered, compressed oops, compressed class ptrs, g1 gc, windows-amd64)
GC Precious Log:
 CPUs: 2 total, 2 available
 Memory: 6020M
 Large Page Support: Disabled
 NUMA Support: Disabled
 Compressed Oops: Enabled (32-bit)
 Heap Region Size: 1M
 Heap Min Capacity: 8M
 Heap Initial Capacity: 96M
 Heap Max Capacity: 2G
 Pre-touch: Disabled
 Parallel Workers: 2
 Concurrent Workers: 1
 Concurrent Refinement Workers: 2
 Periodic GC: Disabled
Heap:
 garbage-first heap   total 190464K, used 146331K [0x0000000080000000, 0x0000000100000000)
  region size 1024K, 5 young (5120K), 2 survivors (2048K)
 Metaspace       used 95201K, committed 95936K, reserved 1138688K
  class space    used 12762K, committed 13120K, reserved 1048576K
GC Heap History (20 events):
Event: 35.139 GC heap before
{Heap before GC invocations=39 (full 0):
 garbage-first heap   total 158720K, used 134085K [0x0000000080000000, 0x0000000100000000)
  region size 1024K, 35 young (35840K), 1 survivors (1024K)
 Metaspace       used 68304K, committed 68992K, reserved 1114112K
  class space    used 9068K, committed 9408K, reserved 1048576K
}
Event: 35.149 GC heap after
{Heap after GC invocations=40 (full 0):
 garbage-first heap   total 190464K, used 96873K [0x0000000080000000, 0x0000000100000000)
  region size 1024K, 4 young (4096K), 4 survivors (4096K)
 Metaspace       used 68304K, committed 68992K, reserved 1114112K
  class space    used 9068K, committed 9408K, reserved 1048576K
}
Event: 37.845 GC heap before
{Heap before GC invocations=41 (full 0):
 garbage-first heap   total 190464K, used 152169K [0x0000000080000000, 0x0000000100000000)
  region size 1024K, 58 young (59392K), 4 survivors (4096K)
 Metaspace       used 73944K, committed 74624K, reserved 1114112K
  class space    used 9802K, committed 10112K, reserved 1048576K
}
Event: 37.860 GC heap after
{Heap after GC invocations=42 (full 0):
 garbage-first heap   total 190464K, used 100560K [0x0000000080000000, 0x0000000100000000)
  region size 1024K, 8 young (8192K), 8 survivors (8192K)
 Metaspace       used 73944K, committed 74624K, reserved 1114112K
  class space    used 9802K, committed 10112K, reserved 1048576K
}
Event: 37.895 GC heap before
{Heap before GC invocations=42 (full 0):
 garbage-first heap   total 190464K, used 101584K [0x0000000080000000, 0x0000000100000000)
  region size 1024K, 9 young (9216K), 8 survivors (8192K)
 Metaspace       used 74055K, committed 74688K, reserved 1114112K
  class space    used 9821K, committed 10112K, reserved 1048576K
}
Event: 37.911 GC heap after
{Heap after GC invocations=43 (full 0):
 garbage-first heap   total 190464K, used 100848K [0x0000000080000000, 0x0000000100000000)
  region size 1024K, 1 young (1024K), 1 survivors (1024K)
 Metaspace       used 74055K, committed 74688K, reserved 1114112K
  class space    used 9821K, committed 10112K, reserved 1048576K
}
Event: 40.003 GC heap before
{Heap before GC invocations=43 (full 0):
 garbage-first heap   total 190464K, used 154096K [0x0000000080000000, 0x0000000100000000)
  region size 1024K, 53 young (54272K), 1 survivors (1024K)
 Metaspace       used 79381K, committed 80000K, reserved 1122304K
  class space    used 10500K, committed 10816K, reserved 1048576K
}
Event: 40.030 GC heap after
{Heap after GC invocations=44 (full 0):
 garbage-first heap   total 190464K, used 105432K [0x0000000080000000, 0x0000000100000000)
  region size 1024K, 6 young (6144K), 6 survivors (6144K)
 Metaspace       used 79381K, committed 80000K, reserved 1122304K
  class space    used 10500K, committed 10816K, reserved 1048576K
}
Event: 41.069 GC heap before
{Heap before GC invocations=44 (full 0):
 garbage-first heap   total 190464K, used 133080K [0x0000000080000000, 0x0000000100000000)
  region size 1024K, 35 young (35840K), 6 survivors (6144K)
 Metaspace       used 81814K, committed 82496K, reserved 1122304K
  class space    used 10829K, committed 11136K, reserved 1048576K
}
Event: 41.089 GC heap after
{Heap after GC invocations=45 (full 0):
 garbage-first heap   total 190464K, used 107387K [0x0000000080000000, 0x0000000100000000)
  region size 1024K, 3 young (3072K), 3 survivors (3072K)
 Metaspace       used 81814K, committed 82496K, reserved 1122304K
  class space    used 10829K, committed 11136K, reserved 1048576K
}
Event: 43.887 GC heap before
{Heap before GC invocations=46 (full 0):
 garbage-first heap   total 190464K, used 153467K [0x0000000080000000, 0x0000000100000000)
  region size 1024K, 47 young (48128K), 3 survivors (3072K)
 Metaspace       used 86982K, committed 87680K, reserved 1130496K
  class space    used 11739K, committed 12096K, reserved 1048576K
}
Event: 43.899 GC heap after
{Heap after GC invocations=47 (full 0):
 garbage-first heap   total 190464K, used 109527K [0x0000000080000000, 0x0000000100000000)
  region size 1024K, 5 young (5120K), 5 survivors (5120K)
 Metaspace       used 86982K, committed 87680K, reserved 1130496K
  class space    used 11739K, committed 12096K, reserved 1048576K
}
Event: 44.109 GC heap before
{Heap before GC invocations=47 (full 0):
 garbage-first heap   total 190464K, used 112599K [0x0000000080000000, 0x0000000100000000)
  region size 1024K, 9 young (9216K), 5 survivors (5120K)
 Metaspace       used 87313K, committed 87936K, reserved 1130496K
  class space    used 11781K, committed 12096K, reserved 1048576K
}
Event: 44.120 GC heap after
{Heap after GC invocations=48 (full 0):
 garbage-first heap   total 190464K, used 109410K [0x0000000080000000, 0x0000000100000000)
  region size 1024K, 1 young (1024K), 1 survivors (1024K)
 Metaspace       used 87313K, committed 87936K, reserved 1130496K
  class space    used 11781K, committed 12096K, reserved 1048576K
}
Event: 47.053 GC heap before
{Heap before GC invocations=48 (full 0):
 garbage-first heap   total 190464K, used 178018K [0x0000000080000000, 0x0000000100000000)
  region size 1024K, 46 young (47104K), 1 survivors (1024K)
 Metaspace       used 92568K, committed 93248K, reserved 1130496K
  class space    used 12431K, committed 12736K, reserved 1048576K
}
Event: 47.069 GC heap after
{Heap after GC invocations=49 (full 0):
 garbage-first heap   total 190464K, used 141017K [0x0000000080000000, 0x0000000100000000)
  region size 1024K, 6 young (6144K), 6 survivors (6144K)
 Metaspace       used 92568K, committed 93248K, reserved 1130496K
  class space    used 12431K, committed 12736K, reserved 1048576K
}
Event: 48.091 GC heap before
{Heap before GC invocations=49 (full 0):
 garbage-first heap   total 190464K, used 160473K [0x0000000080000000, 0x0000000100000000)
  region size 1024K, 26 young (26624K), 6 survivors (6144K)
 Metaspace       used 94139K, committed 94784K, reserved 1138688K
  class space    used 12612K, committed 12928K, reserved 1048576K
}
Event: 48.102 GC heap after
{Heap after GC invocations=50 (full 0):
 garbage-first heap   total 190464K, used 142681K [0x0000000080000000, 0x0000000100000000)
  region size 1024K, 2 young (2048K), 2 survivors (2048K)
 Metaspace       used 94139K, committed 94784K, reserved 1138688K
  class space    used 12612K, committed 12928K, reserved 1048576K
}
Event: 48.605 GC heap before
{Heap before GC invocations=50 (full 0):
 garbage-first heap   total 190464K, used 161113K [0x0000000080000000, 0x0000000100000000)
  region size 1024K, 21 young (21504K), 2 survivors (2048K)
 Metaspace       used 94993K, committed 95744K, reserved 1138688K
  class space    used 12731K, committed 13056K, reserved 1048576K
}
Event: 48.613 GC heap after
{Heap after GC invocations=51 (full 0):
 garbage-first heap   total 190464K, used 144283K [0x0000000080000000, 0x0000000100000000)
  region size 1024K, 2 young (2048K), 2 survivors (2048K)
 Metaspace       used 94993K, committed 95744K, reserved 1138688K
  class space    used 12731K, committed 13056K, reserved 1048576K
}

